This is pdfTeX, Version 3.1415926-2.5-1.40.14 (TeX Live 2013/Debian) (format=pdflatex 2017.11.12)  20 NOV 2017 12:14
entering extended mode
 restricted \write18 enabled.
 %&-line parsing enabled.
**0main.tex
(./0main.tex
LaTeX2e <2011/06/27>
Babel <3.9h> and hyphenation patterns for 2 languages loaded.
(./clase_fiuba.cls
Document Class: clase_fiuba 07/06/2015 v1.0 Clase Informe Fiuba
(/usr/share/texlive/texmf-dist/tex/latex/base/article.cls
Document Class: article 2007/10/19 v1.4h Standard LaTeX document class
(/usr/share/texlive/texmf-dist/tex/latex/base/size12.clo
File: size12.clo 2007/10/19 v1.4h Standard LaTeX file (size option)
)
\c@part=\count79
\c@section=\count80
\c@subsection=\count81
\c@subsubsection=\count82
\c@paragraph=\count83
\c@subparagraph=\count84
\c@figure=\count85
\c@table=\count86
\abovecaptionskip=\skip41
\belowcaptionskip=\skip42
\bibindent=\dimen102
)
(/usr/share/texlive/texmf-dist/tex/latex/base/inputenc.sty
Package: inputenc 2008/03/30 v1.1d Input encoding file
\inpenc@prehook=\toks14
\inpenc@posthook=\toks15

(/usr/share/texlive/texmf-dist/tex/latex/base/utf8.def
File: utf8.def 2008/04/05 v1.1m UTF-8 support for inputenc
Now handling font encoding OML ...
... no UTF-8 mapping file for font encoding OML
Now handling font encoding T1 ...
... processing UTF-8 mapping file for font encoding T1

(/usr/share/texlive/texmf-dist/tex/latex/base/t1enc.dfu
File: t1enc.dfu 2008/04/05 v1.1m UTF-8 support for inputenc
   defining Unicode char U+00A1 (decimal 161)
   defining Unicode char U+00A3 (decimal 163)
   defining Unicode char U+00AB (decimal 171)
   defining Unicode char U+00BB (decimal 187)
   defining Unicode char U+00BF (decimal 191)
   defining Unicode char U+00C0 (decimal 192)
   defining Unicode char U+00C1 (decimal 193)
   defining Unicode char U+00C2 (decimal 194)
   defining Unicode char U+00C3 (decimal 195)
   defining Unicode char U+00C4 (decimal 196)
   defining Unicode char U+00C5 (decimal 197)
   defining Unicode char U+00C6 (decimal 198)
   defining Unicode char U+00C7 (decimal 199)
   defining Unicode char U+00C8 (decimal 200)
   defining Unicode char U+00C9 (decimal 201)
   defining Unicode char U+00CA (decimal 202)
   defining Unicode char U+00CB (decimal 203)
   defining Unicode char U+00CC (decimal 204)
   defining Unicode char U+00CD (decimal 205)
   defining Unicode char U+00CE (decimal 206)
   defining Unicode char U+00CF (decimal 207)
   defining Unicode char U+00D0 (decimal 208)
   defining Unicode char U+00D1 (decimal 209)
   defining Unicode char U+00D2 (decimal 210)
   defining Unicode char U+00D3 (decimal 211)
   defining Unicode char U+00D4 (decimal 212)
   defining Unicode char U+00D5 (decimal 213)
   defining Unicode char U+00D6 (decimal 214)
   defining Unicode char U+00D8 (decimal 216)
   defining Unicode char U+00D9 (decimal 217)
   defining Unicode char U+00DA (decimal 218)
   defining Unicode char U+00DB (decimal 219)
   defining Unicode char U+00DC (decimal 220)
   defining Unicode char U+00DD (decimal 221)
   defining Unicode char U+00DE (decimal 222)
   defining Unicode char U+00DF (decimal 223)
   defining Unicode char U+00E0 (decimal 224)
   defining Unicode char U+00E1 (decimal 225)
   defining Unicode char U+00E2 (decimal 226)
   defining Unicode char U+00E3 (decimal 227)
   defining Unicode char U+00E4 (decimal 228)
   defining Unicode char U+00E5 (decimal 229)
   defining Unicode char U+00E6 (decimal 230)
   defining Unicode char U+00E7 (decimal 231)
   defining Unicode char U+00E8 (decimal 232)
   defining Unicode char U+00E9 (decimal 233)
   defining Unicode char U+00EA (decimal 234)
   defining Unicode char U+00EB (decimal 235)
   defining Unicode char U+00EC (decimal 236)
   defining Unicode char U+00ED (decimal 237)
   defining Unicode char U+00EE (decimal 238)
   defining Unicode char U+00EF (decimal 239)
   defining Unicode char U+00F0 (decimal 240)
   defining Unicode char U+00F1 (decimal 241)
   defining Unicode char U+00F2 (decimal 242)
   defining Unicode char U+00F3 (decimal 243)
   defining Unicode char U+00F4 (decimal 244)
   defining Unicode char U+00F5 (decimal 245)
   defining Unicode char U+00F6 (decimal 246)
   defining Unicode char U+00F8 (decimal 248)
   defining Unicode char U+00F9 (decimal 249)
   defining Unicode char U+00FA (decimal 250)
   defining Unicode char U+00FB (decimal 251)
   defining Unicode char U+00FC (decimal 252)
   defining Unicode char U+00FD (decimal 253)
   defining Unicode char U+00FE (decimal 254)
   defining Unicode char U+00FF (decimal 255)
   defining Unicode char U+0102 (decimal 258)
   defining Unicode char U+0103 (decimal 259)
   defining Unicode char U+0104 (decimal 260)
   defining Unicode char U+0105 (decimal 261)
   defining Unicode char U+0106 (decimal 262)
   defining Unicode char U+0107 (decimal 263)
   defining Unicode char U+010C (decimal 268)
   defining Unicode char U+010D (decimal 269)
   defining Unicode char U+010E (decimal 270)
   defining Unicode char U+010F (decimal 271)
   defining Unicode char U+0110 (decimal 272)
   defining Unicode char U+0111 (decimal 273)
   defining Unicode char U+0118 (decimal 280)
   defining Unicode char U+0119 (decimal 281)
   defining Unicode char U+011A (decimal 282)
   defining Unicode char U+011B (decimal 283)
   defining Unicode char U+011E (decimal 286)
   defining Unicode char U+011F (decimal 287)
   defining Unicode char U+0130 (decimal 304)
   defining Unicode char U+0131 (decimal 305)
   defining Unicode char U+0132 (decimal 306)
   defining Unicode char U+0133 (decimal 307)
   defining Unicode char U+0139 (decimal 313)
   defining Unicode char U+013A (decimal 314)
   defining Unicode char U+013D (decimal 317)
   defining Unicode char U+013E (decimal 318)
   defining Unicode char U+0141 (decimal 321)
   defining Unicode char U+0142 (decimal 322)
   defining Unicode char U+0143 (decimal 323)
   defining Unicode char U+0144 (decimal 324)
   defining Unicode char U+0147 (decimal 327)
   defining Unicode char U+0148 (decimal 328)
   defining Unicode char U+014A (decimal 330)
   defining Unicode char U+014B (decimal 331)
   defining Unicode char U+0150 (decimal 336)
   defining Unicode char U+0151 (decimal 337)
   defining Unicode char U+0152 (decimal 338)
   defining Unicode char U+0153 (decimal 339)
   defining Unicode char U+0154 (decimal 340)
   defining Unicode char U+0155 (decimal 341)
   defining Unicode char U+0158 (decimal 344)
   defining Unicode char U+0159 (decimal 345)
   defining Unicode char U+015A (decimal 346)
   defining Unicode char U+015B (decimal 347)
   defining Unicode char U+015E (decimal 350)
   defining Unicode char U+015F (decimal 351)
   defining Unicode char U+0160 (decimal 352)
   defining Unicode char U+0161 (decimal 353)
   defining Unicode char U+0162 (decimal 354)
   defining Unicode char U+0163 (decimal 355)
   defining Unicode char U+0164 (decimal 356)
   defining Unicode char U+0165 (decimal 357)
   defining Unicode char U+016E (decimal 366)
   defining Unicode char U+016F (decimal 367)
   defining Unicode char U+0170 (decimal 368)
   defining Unicode char U+0171 (decimal 369)
   defining Unicode char U+0178 (decimal 376)
   defining Unicode char U+0179 (decimal 377)
   defining Unicode char U+017A (decimal 378)
   defining Unicode char U+017B (decimal 379)
   defining Unicode char U+017C (decimal 380)
   defining Unicode char U+017D (decimal 381)
   defining Unicode char U+017E (decimal 382)
   defining Unicode char U+200C (decimal 8204)
   defining Unicode char U+2013 (decimal 8211)
   defining Unicode char U+2014 (decimal 8212)
   defining Unicode char U+2018 (decimal 8216)
   defining Unicode char U+2019 (decimal 8217)
   defining Unicode char U+201A (decimal 8218)
   defining Unicode char U+201C (decimal 8220)
   defining Unicode char U+201D (decimal 8221)
   defining Unicode char U+201E (decimal 8222)
   defining Unicode char U+2030 (decimal 8240)
   defining Unicode char U+2031 (decimal 8241)
   defining Unicode char U+2039 (decimal 8249)
   defining Unicode char U+203A (decimal 8250)
   defining Unicode char U+2423 (decimal 9251)
)
Now handling font encoding OT1 ...
... processing UTF-8 mapping file for font encoding OT1

(/usr/share/texlive/texmf-dist/tex/latex/base/ot1enc.dfu
File: ot1enc.dfu 2008/04/05 v1.1m UTF-8 support for inputenc
   defining Unicode char U+00A1 (decimal 161)
   defining Unicode char U+00A3 (decimal 163)
   defining Unicode char U+00B8 (decimal 184)
   defining Unicode char U+00BF (decimal 191)
   defining Unicode char U+00C5 (decimal 197)
   defining Unicode char U+00C6 (decimal 198)
   defining Unicode char U+00D8 (decimal 216)
   defining Unicode char U+00DF (decimal 223)
   defining Unicode char U+00E6 (decimal 230)
   defining Unicode char U+00EC (decimal 236)
   defining Unicode char U+00ED (decimal 237)
   defining Unicode char U+00EE (decimal 238)
   defining Unicode char U+00EF (decimal 239)
   defining Unicode char U+00F8 (decimal 248)
   defining Unicode char U+0131 (decimal 305)
   defining Unicode char U+0141 (decimal 321)
   defining Unicode char U+0142 (decimal 322)
   defining Unicode char U+0152 (decimal 338)
   defining Unicode char U+0153 (decimal 339)
   defining Unicode char U+2013 (decimal 8211)
   defining Unicode char U+2014 (decimal 8212)
   defining Unicode char U+2018 (decimal 8216)
   defining Unicode char U+2019 (decimal 8217)
   defining Unicode char U+201C (decimal 8220)
   defining Unicode char U+201D (decimal 8221)
)
Now handling font encoding OMS ...
... processing UTF-8 mapping file for font encoding OMS

(/usr/share/texlive/texmf-dist/tex/latex/base/omsenc.dfu
File: omsenc.dfu 2008/04/05 v1.1m UTF-8 support for inputenc
   defining Unicode char U+00A7 (decimal 167)
   defining Unicode char U+00B6 (decimal 182)
   defining Unicode char U+00B7 (decimal 183)
   defining Unicode char U+2020 (decimal 8224)
   defining Unicode char U+2021 (decimal 8225)
   defining Unicode char U+2022 (decimal 8226)
)
Now handling font encoding OMX ...
... no UTF-8 mapping file for font encoding OMX
Now handling font encoding U ...
... no UTF-8 mapping file for font encoding U
   defining Unicode char U+00A9 (decimal 169)
   defining Unicode char U+00AA (decimal 170)
   defining Unicode char U+00AE (decimal 174)
   defining Unicode char U+00BA (decimal 186)
   defining Unicode char U+02C6 (decimal 710)
   defining Unicode char U+02DC (decimal 732)
   defining Unicode char U+200C (decimal 8204)
   defining Unicode char U+2026 (decimal 8230)
   defining Unicode char U+2122 (decimal 8482)
   defining Unicode char U+2423 (decimal 9251)
))
(/usr/share/texlive/texmf-dist/tex/generic/babel/babel.sty
Package: babel 2013/12/03 3.9h The Babel package


! Package babel Error: Unknown option `spanish'. Either you misspelled it
(babel)                or the language definition file spanish.ldf was not foun
d.

See the babel package documentation for explanation.
Type  H <return>  for immediate help.
 ...                                              
                                                  
l.296 \ProcessOptions*
                      
? 

! Package babel Error: Unknown option `es-tabla'. Either you misspelled it
(babel)                or the language definition file es-tabla.ldf was not fou
nd.

See the babel package documentation for explanation.
Type  H <return>  for immediate help.
 ...                                              
                                                  
l.296 \ProcessOptions*
                      
? 

! Package babel Error: You haven't specified a language option.

See the babel package documentation for explanation.
Type  H <return>  for immediate help.
 ...                                              
                                                  
l.329 ...ry to proceed from here, type x to quit.}
                                                  
? 
) (/usr/share/texlive/texmf-dist/tex/latex/hyperref/hyperref.sty
Package: hyperref 2012/11/06 v6.83m Hypertext links for LaTeX

(/usr/share/texlive/texmf-dist/tex/generic/oberdiek/hobsub-hyperref.sty
Package: hobsub-hyperref 2012/05/28 v1.13 Bundle oberdiek, subset hyperref (HO)


(/usr/share/texlive/texmf-dist/tex/generic/oberdiek/hobsub-generic.sty
Package: hobsub-generic 2012/05/28 v1.13 Bundle oberdiek, subset generic (HO)
Package: hobsub 2012/05/28 v1.13 Construct package bundles (HO)
Package: infwarerr 2010/04/08 v1.3 Providing info/warning/error messages (HO)
Package: ltxcmds 2011/11/09 v1.22 LaTeX kernel commands for general use (HO)
Package: ifluatex 2010/03/01 v1.3 Provides the ifluatex switch (HO)
Package ifluatex Info: LuaTeX not detected.
Package: ifvtex 2010/03/01 v1.5 Detect VTeX and its facilities (HO)
Package ifvtex Info: VTeX not detected.
Package: intcalc 2007/09/27 v1.1 Expandable calculations with integers (HO)
Package: ifpdf 2011/01/30 v2.3 Provides the ifpdf switch (HO)
Package ifpdf Info: pdfTeX in PDF mode is detected.
Package: etexcmds 2011/02/16 v1.5 Avoid name clashes with e-TeX commands (HO)
Package etexcmds Info: Could not find \expanded.
(etexcmds)             That can mean that you are not using pdfTeX 1.50 or
(etexcmds)             that some package has redefined \expanded.
(etexcmds)             In the latter case, load this package earlier.
Package: kvsetkeys 2012/04/25 v1.16 Key value parser (HO)
Package: kvdefinekeys 2011/04/07 v1.3 Define keys (HO)
Package: pdftexcmds 2011/11/29 v0.20 Utility functions of pdfTeX for LuaTeX (HO
)
Package pdftexcmds Info: LuaTeX not detected.
Package pdftexcmds Info: \pdf@primitive is available.
Package pdftexcmds Info: \pdf@ifprimitive is available.
Package pdftexcmds Info: \pdfdraftmode found.
Package: pdfescape 2011/11/25 v1.13 Implements pdfTeX's escape features (HO)
Package: bigintcalc 2012/04/08 v1.3 Expandable calculations on big integers (HO
)
Package: bitset 2011/01/30 v1.1 Handle bit-vector datatype (HO)
Package: uniquecounter 2011/01/30 v1.2 Provide unlimited unique counter (HO)
)
Package hobsub Info: Skipping package `hobsub' (already loaded).
Package: letltxmacro 2010/09/02 v1.4 Let assignment for LaTeX macros (HO)
Package: hopatch 2012/05/28 v1.2 Wrapper for package hooks (HO)
Package: xcolor-patch 2011/01/30 xcolor patch
Package: atveryend 2011/06/30 v1.8 Hooks at the very end of document (HO)
Package atveryend Info: \enddocument detected (standard20110627).
Package: atbegshi 2011/10/05 v1.16 At begin shipout hook (HO)
Package: refcount 2011/10/16 v3.4 Data extraction from label references (HO)
Package: hycolor 2011/01/30 v1.7 Color options for hyperref/bookmark (HO)
)
(/usr/share/texlive/texmf-dist/tex/latex/graphics/keyval.sty
Package: keyval 1999/03/16 v1.13 key=value parser (DPC)
\KV@toks@=\toks16
)
(/usr/share/texlive/texmf-dist/tex/generic/ifxetex/ifxetex.sty
Package: ifxetex 2010/09/12 v0.6 Provides ifxetex conditional
)
(/usr/share/texlive/texmf-dist/tex/latex/oberdiek/auxhook.sty
Package: auxhook 2011/03/04 v1.3 Hooks for auxiliary files (HO)
)
(/usr/share/texlive/texmf-dist/tex/latex/oberdiek/kvoptions.sty
Package: kvoptions 2011/06/30 v3.11 Key value format for package options (HO)
)
\@linkdim=\dimen103
\Hy@linkcounter=\count87
\Hy@pagecounter=\count88

(/usr/share/texlive/texmf-dist/tex/latex/hyperref/pd1enc.def
File: pd1enc.def 2012/11/06 v6.83m Hyperref: PDFDocEncoding definition (HO)
Now handling font encoding PD1 ...
... no UTF-8 mapping file for font encoding PD1
)
\Hy@SavedSpaceFactor=\count89

(/usr/share/texlive/texmf-dist/tex/latex/latexconfig/hyperref.cfg
File: hyperref.cfg 2002/06/06 v1.2 hyperref configuration of TeXLive
)
Package hyperref Info: Option `unicode' set `true' on input line 4319.

(/usr/share/texlive/texmf-dist/tex/latex/hyperref/puenc.def
File: puenc.def 2012/11/06 v6.83m Hyperref: PDF Unicode definition (HO)
Now handling font encoding PU ...
... no UTF-8 mapping file for font encoding PU
)
Package hyperref Info: Option `breaklinks' set `true' on input line 4319.
Package hyperref Info: Option `colorlinks' set `true' on input line 4319.
Package hyperref Info: Hyper figures OFF on input line 4443.
Package hyperref Info: Link nesting OFF on input line 4448.
Package hyperref Info: Hyper index ON on input line 4451.
Package hyperref Info: Plain pages OFF on input line 4458.
Package hyperref Info: Backreferencing OFF on input line 4463.
Package hyperref Info: Implicit mode ON; LaTeX internals redefined.
Package hyperref Info: Bookmarks ON on input line 4688.
\c@Hy@tempcnt=\count90

(/usr/share/texlive/texmf-dist/tex/latex/url/url.sty
\Urlmuskip=\muskip10
Package: url 2013/09/16  ver 3.4  Verb mode for urls, etc.
)
LaTeX Info: Redefining \url on input line 5041.
\XeTeXLinkMargin=\dimen104
\Fld@menulength=\count91
\Field@Width=\dimen105
\Fld@charsize=\dimen106
Package hyperref Info: Hyper figures OFF on input line 6295.
Package hyperref Info: Link nesting OFF on input line 6300.
Package hyperref Info: Hyper index ON on input line 6303.
Package hyperref Info: backreferencing OFF on input line 6310.
Package hyperref Info: Link coloring ON on input line 6313.
Package hyperref Info: Link coloring with OCG OFF on input line 6320.
Package hyperref Info: PDF/A mode OFF on input line 6325.
LaTeX Info: Redefining \ref on input line 6365.
LaTeX Info: Redefining \pageref on input line 6369.
\Hy@abspage=\count92
\c@Item=\count93
\c@Hfootnote=\count94
)

Package hyperref Message: Driver: hpdftex.

(/usr/share/texlive/texmf-dist/tex/latex/hyperref/hpdftex.def
File: hpdftex.def 2012/11/06 v6.83m Hyperref driver for pdfTeX
\Fld@listcount=\count95
\c@bookmark@seq@number=\count96

(/usr/share/texlive/texmf-dist/tex/latex/oberdiek/rerunfilecheck.sty
Package: rerunfilecheck 2011/04/15 v1.7 Rerun checks for auxiliary files (HO)
Package uniquecounter Info: New unique counter `rerunfilecheck' on input line 2
82.
)
\Hy@SectionHShift=\skip43
)
(/usr/share/texlive/texmf-dist/tex/latex/graphics/graphicx.sty
Package: graphicx 1999/02/16 v1.0f Enhanced LaTeX Graphics (DPC,SPQR)

(/usr/share/texlive/texmf-dist/tex/latex/graphics/graphics.sty
Package: graphics 2009/02/05 v1.0o Standard LaTeX Graphics (DPC,SPQR)

(/usr/share/texlive/texmf-dist/tex/latex/graphics/trig.sty
Package: trig 1999/03/16 v1.09 sin cos tan (DPC)
)
(/usr/share/texlive/texmf-dist/tex/latex/latexconfig/graphics.cfg
File: graphics.cfg 2010/04/23 v1.9 graphics configuration of TeX Live
)
Package graphics Info: Driver file: pdftex.def on input line 91.

(/usr/share/texlive/texmf-dist/tex/latex/pdftex-def/pdftex.def
File: pdftex.def 2011/05/27 v0.06d Graphics/color for pdfTeX
\Gread@gobject=\count97
))
\Gin@req@height=\dimen107
\Gin@req@width=\dimen108
)
(/usr/share/texlive/texmf-dist/tex/latex/cite/cite.sty
LaTeX Info: Redefining \cite on input line 302.
LaTeX Info: Redefining \nocite on input line 373.
Package: cite 2010/09/10  v 5.3
)
(/usr/share/texlive/texmf-dist/tex/latex/float/float.sty
Package: float 2001/11/08 v1.3d Float enhancements (AL)
\c@float@type=\count98
\float@exts=\toks17
\float@box=\box26
\@float@everytoks=\toks18
\@floatcapt=\box27
)
(/usr/share/texlive/texmf-dist/tex/latex/anysize/anysize.sty
Package: anysize 1994/08/13 setting margin sizes

document style option `anysize' loaded
Michael Salzenberg, Thomas Esser, Dirk Hillbrecht
Version 1.0, Aug 13, 1994
\@Leftmargin=\dimen109
\@Rightmargin=\dimen110
\@Topmargin=\dimen111
\@Bottommargin=\dimen112
) (/usr/share/texlive/texmf-dist/tex/latex/caption/caption.sty
Package: caption 2013/05/02 v3.3-89 Customizing captions (AR)

(/usr/share/texlive/texmf-dist/tex/latex/caption/caption3.sty
Package: caption3 2013/05/02 v1.6-88 caption3 kernel (AR)
Package caption3 Info: TeX engine: e-TeX on input line 57.
\captionmargin=\dimen113
\captionmargin@=\dimen114
\captionwidth=\dimen115
\caption@tempdima=\dimen116
\caption@indent=\dimen117
\caption@parindent=\dimen118
\caption@hangindent=\dimen119
)
\c@ContinuedFloat=\count99
Package caption Info: float package is loaded.
Package caption Info: hyperref package is loaded.
)
(/usr/share/texlive/texmf-dist/tex/latex/caption/subcaption.sty
Package: subcaption 2013/02/03 v1.1-62 Sub-captions (AR)
\c@subfigure=\count100
\c@subtable=\count101
)

! LaTeX Error: File `wrapfig.sty' not found.

Type X to quit or <RETURN> to proceed,
or enter new name. (Default extension: sty)

Enter file name: 
(/usr/share/texlive/texmf-dist/tex/latex/amsmath/amsmath.sty
Package: amsmath 2013/01/14 v2.14 AMS math features
\@mathmargin=\skip44

For additional information on amsmath, use the `?' option.
(/usr/share/texlive/texmf-dist/tex/latex/amsmath/amstext.sty
Package: amstext 2000/06/29 v2.01

(/usr/share/texlive/texmf-dist/tex/latex/amsmath/amsgen.sty
File: amsgen.sty 1999/11/30 v2.0
\@emptytoks=\toks19
\ex@=\dimen120
))
(/usr/share/texlive/texmf-dist/tex/latex/amsmath/amsbsy.sty
Package: amsbsy 1999/11/29 v1.2d
\pmbraise@=\dimen121
)
(/usr/share/texlive/texmf-dist/tex/latex/amsmath/amsopn.sty
Package: amsopn 1999/12/14 v2.01 operator names
)
\inf@bad=\count102
LaTeX Info: Redefining \frac on input line 210.
\uproot@=\count103
\leftroot@=\count104
LaTeX Info: Redefining \overline on input line 306.
\classnum@=\count105
\DOTSCASE@=\count106
LaTeX Info: Redefining \ldots on input line 378.
LaTeX Info: Redefining \dots on input line 381.
LaTeX Info: Redefining \cdots on input line 466.
\Mathstrutbox@=\box28
\strutbox@=\box29
\big@size=\dimen122
LaTeX Font Info:    Redeclaring font encoding OML on input line 566.
LaTeX Font Info:    Redeclaring font encoding OMS on input line 567.
\macc@depth=\count107
\c@MaxMatrixCols=\count108
\dotsspace@=\muskip11
\c@parentequation=\count109
\dspbrk@lvl=\count110
\tag@help=\toks20
\row@=\count111
\column@=\count112
\maxfields@=\count113
\andhelp@=\toks21
\eqnshift@=\dimen123
\alignsep@=\dimen124
\tagshift@=\dimen125
\tagwidth@=\dimen126
\totwidth@=\dimen127
\lineht@=\dimen128
\@envbody=\toks22
\multlinegap=\skip45
\multlinetaggap=\skip46
\mathdisplay@stack=\toks23
LaTeX Info: Redefining \[ on input line 2665.
LaTeX Info: Redefining \] on input line 2666.
)
(/usr/share/texlive/texmf-dist/tex/latex/amsfonts/amssymb.sty
Package: amssymb 2013/01/14 v3.01 AMS font symbols

(/usr/share/texlive/texmf-dist/tex/latex/amsfonts/amsfonts.sty
Package: amsfonts 2013/01/14 v3.01 Basic AMSFonts support
\symAMSa=\mathgroup4
\symAMSb=\mathgroup5
LaTeX Font Info:    Overwriting math alphabet `\mathfrak' in version `bold'
(Font)                  U/euf/m/n --> U/euf/b/n on input line 106.
))
(/usr/share/texlive/texmf-dist/tex/latex/amscls/amsthm.sty
Package: amsthm 2004/08/06 v2.20
\thm@style=\toks24
\thm@bodyfont=\toks25
\thm@headfont=\toks26
\thm@notefont=\toks27
\thm@headpunct=\toks28
\thm@preskip=\skip47
\thm@postskip=\skip48
\thm@headsep=\skip49
\dth@everypar=\toks29
)
(/usr/share/texlive/texmf-dist/tex/latex/fancyhdr/fancyhdr.sty
\fancy@headwidth=\skip50
\f@ncyO@elh=\skip51
\f@ncyO@erh=\skip52
\f@ncyO@olh=\skip53
\f@ncyO@orh=\skip54
\f@ncyO@elf=\skip55
\f@ncyO@erf=\skip56
\f@ncyO@olf=\skip57
\f@ncyO@orf=\skip58
)
(/usr/share/texlive/texmf-dist/tex/latex/base/fontenc.sty
Package: fontenc 2005/09/27 v1.99g Standard LaTeX package

(/usr/share/texlive/texmf-dist/tex/latex/base/t1enc.def
File: t1enc.def 2005/09/27 v1.99g Standard LaTeX file
LaTeX Font Info:    Redeclaring font encoding T1 on input line 43.
))
(/usr/share/texlive/texmf-dist/tex/latex/tools/array.sty
Package: array 2008/09/09 v2.4c Tabular extension package (FMi)
\col@sep=\dimen129
\extrarowheight=\dimen130
\NC@list=\toks30
\extratabsurround=\skip59
\backup@length=\skip60
)
(/usr/share/texlive/texmf-dist/tex/latex/tools/tabularx.sty
Package: tabularx 1999/01/07 v2.07 `tabularx' package (DPC)
\TX@col@width=\dimen131
\TX@old@table=\dimen132
\TX@old@col=\dimen133
\TX@target=\dimen134
\TX@delta=\dimen135
\TX@cols=\count114
\TX@ftn=\toks31
)
(/usr/share/texlive/texmf-dist/tex/latex/tools/multicol.sty
Package: multicol 2011/06/27 v1.7a multicolumn formatting (FMi)
\c@tracingmulticols=\count115
\mult@box=\box30
\multicol@leftmargin=\dimen136
\c@unbalance=\count116
\c@collectmore=\count117
\doublecol@number=\count118
\multicoltolerance=\count119
\multicolpretolerance=\count120
\full@width=\dimen137
\page@free=\dimen138
\premulticols=\dimen139
\postmulticols=\dimen140
\multicolsep=\skip61
\multicolbaselineskip=\skip62
\partial@page=\box31
\last@line=\box32
\mult@rightbox=\box33
\mult@grightbox=\box34
\mult@gfirstbox=\box35
\mult@firstbox=\box36
\@tempa=\box37
\@tempa=\box38
\@tempa=\box39
\@tempa=\box40
\@tempa=\box41
\@tempa=\box42
\@tempa=\box43
\@tempa=\box44
\@tempa=\box45
\@tempa=\box46
\@tempa=\box47
\@tempa=\box48
\@tempa=\box49
\@tempa=\box50
\@tempa=\box51
\@tempa=\box52
\@tempa=\box53
\c@columnbadness=\count121
\c@finalcolumnbadness=\count122
\last@try=\dimen141
\multicolovershoot=\dimen142
\multicolundershoot=\dimen143
\mult@nat@firstbox=\box54
\colbreak@box=\box55
\multicol@sort@counter=\count123
)

! LaTeX Error: File `multirow.sty' not found.

Type X to quit or <RETURN> to proceed,
or enter new name. (Default extension: sty)

Enter file name: 
(/usr/share/texlive/texmf-dist/tex/latex/tools/verbatim.sty
Package: verbatim 2003/08/22 v1.5q LaTeX2e package for verbatim enhancements
\every@verbatim=\toks32
\verbatim@line=\toks33
\verbatim@in@stream=\read1
)
(/usr/share/texlive/texmf-dist/tex/latex/booktabs/booktabs.sty
Package: booktabs 2005/04/14 v1.61803 publication quality tables
\heavyrulewidth=\dimen144
\lightrulewidth=\dimen145
\cmidrulewidth=\dimen146
\belowrulesep=\dimen147
\belowbottomsep=\dimen148
\aboverulesep=\dimen149
\abovetopsep=\dimen150
\cmidrulesep=\dimen151
\cmidrulekern=\dimen152
\defaultaddspace=\dimen153
\@cmidla=\count124
\@cmidlb=\count125
\@aboverulesep=\dimen154
\@belowrulesep=\dimen155
\@thisruleclass=\count126
\@lastruleclass=\count127
\@thisrulewidth=\dimen156
)

! LaTeX Error: File `gensymb.sty' not found.

Type X to quit or <RETURN> to proceed,
or enter new name. (Default extension: sty)

Enter file name: 

! LaTeX Error: File `todonotes.sty' not found.

Type X to quit or <RETURN> to proceed,
or enter new name. (Default extension: sty)

Enter file name: 

! LaTeX Error: Unknown option `colorinlistoftodos' for package `todonotes'.

See the LaTeX manual or LaTeX Companion for explanation.
Type  H <return>  for immediate help.
 ...                                              
                                                  
l.45 \RequirePackage
                    {textcomp}
? 
(/usr/share/texlive/texmf-dist/tex/latex/base/textcomp.sty
Package: textcomp 2005/09/27 v1.99g Standard LaTeX package
Package textcomp Info: Sub-encoding information:
(textcomp)               5 = only ISO-Adobe without \textcurrency
(textcomp)               4 = 5 + \texteuro
(textcomp)               3 = 4 + \textohm
(textcomp)               2 = 3 + \textestimated + \textcurrency
(textcomp)               1 = TS1 - \textcircled - \t
(textcomp)               0 = TS1 (full)
(textcomp)             Font families with sub-encoding setting implement
(textcomp)             only a restricted character set as indicated.
(textcomp)             Family '?' is the default used for unknown fonts.
(textcomp)             See the documentation for details.
Package textcomp Info: Setting ? sub-encoding to TS1/1 on input line 71.

(/usr/share/texlive/texmf-dist/tex/latex/base/ts1enc.def
File: ts1enc.def 2001/06/05 v3.0e (jk/car/fm) Standard LaTeX file
Now handling font encoding TS1 ...
... processing UTF-8 mapping file for font encoding TS1

(/usr/share/texlive/texmf-dist/tex/latex/base/ts1enc.dfu
File: ts1enc.dfu 2008/04/05 v1.1m UTF-8 support for inputenc
   defining Unicode char U+00A2 (decimal 162)
   defining Unicode char U+00A3 (decimal 163)
   defining Unicode char U+00A4 (decimal 164)
   defining Unicode char U+00A5 (decimal 165)
   defining Unicode char U+00A6 (decimal 166)
   defining Unicode char U+00A7 (decimal 167)
   defining Unicode char U+00A8 (decimal 168)
   defining Unicode char U+00A9 (decimal 169)
   defining Unicode char U+00AA (decimal 170)
   defining Unicode char U+00AC (decimal 172)
   defining Unicode char U+00AE (decimal 174)
   defining Unicode char U+00AF (decimal 175)
   defining Unicode char U+00B0 (decimal 176)
   defining Unicode char U+00B1 (decimal 177)
   defining Unicode char U+00B2 (decimal 178)
   defining Unicode char U+00B3 (decimal 179)
   defining Unicode char U+00B4 (decimal 180)
   defining Unicode char U+00B5 (decimal 181)
   defining Unicode char U+00B6 (decimal 182)
   defining Unicode char U+00B7 (decimal 183)
   defining Unicode char U+00B9 (decimal 185)
   defining Unicode char U+00BA (decimal 186)
   defining Unicode char U+00BC (decimal 188)
   defining Unicode char U+00BD (decimal 189)
   defining Unicode char U+00BE (decimal 190)
   defining Unicode char U+00D7 (decimal 215)
   defining Unicode char U+00F7 (decimal 247)
   defining Unicode char U+0192 (decimal 402)
   defining Unicode char U+02C7 (decimal 711)
   defining Unicode char U+02D8 (decimal 728)
   defining Unicode char U+02DD (decimal 733)
   defining Unicode char U+0E3F (decimal 3647)
   defining Unicode char U+2016 (decimal 8214)
   defining Unicode char U+2020 (decimal 8224)
   defining Unicode char U+2021 (decimal 8225)
   defining Unicode char U+2022 (decimal 8226)
   defining Unicode char U+2030 (decimal 8240)
   defining Unicode char U+2031 (decimal 8241)
   defining Unicode char U+203B (decimal 8251)
   defining Unicode char U+203D (decimal 8253)
   defining Unicode char U+2044 (decimal 8260)
   defining Unicode char U+204E (decimal 8270)
   defining Unicode char U+2052 (decimal 8274)
   defining Unicode char U+20A1 (decimal 8353)
   defining Unicode char U+20A4 (decimal 8356)
   defining Unicode char U+20A6 (decimal 8358)
   defining Unicode char U+20A9 (decimal 8361)
   defining Unicode char U+20AB (decimal 8363)
   defining Unicode char U+20AC (decimal 8364)
   defining Unicode char U+20B1 (decimal 8369)
   defining Unicode char U+2103 (decimal 8451)
   defining Unicode char U+2116 (decimal 8470)
   defining Unicode char U+2117 (decimal 8471)
   defining Unicode char U+211E (decimal 8478)
   defining Unicode char U+2120 (decimal 8480)
   defining Unicode char U+2122 (decimal 8482)
   defining Unicode char U+2126 (decimal 8486)
   defining Unicode char U+2127 (decimal 8487)
   defining Unicode char U+212E (decimal 8494)
   defining Unicode char U+2190 (decimal 8592)
   defining Unicode char U+2191 (decimal 8593)
   defining Unicode char U+2192 (decimal 8594)
   defining Unicode char U+2193 (decimal 8595)
   defining Unicode char U+2329 (decimal 9001)
   defining Unicode char U+232A (decimal 9002)
   defining Unicode char U+2422 (decimal 9250)
   defining Unicode char U+25E6 (decimal 9702)
   defining Unicode char U+25EF (decimal 9711)
   defining Unicode char U+266A (decimal 9834)
))
LaTeX Info: Redefining \oldstylenums on input line 266.
Package textcomp Info: Setting cmr sub-encoding to TS1/0 on input line 281.
Package textcomp Info: Setting cmss sub-encoding to TS1/0 on input line 282.
Package textcomp Info: Setting cmtt sub-encoding to TS1/0 on input line 283.
Package textcomp Info: Setting cmvtt sub-encoding to TS1/0 on input line 284.
Package textcomp Info: Setting cmbr sub-encoding to TS1/0 on input line 285.
Package textcomp Info: Setting cmtl sub-encoding to TS1/0 on input line 286.
Package textcomp Info: Setting ccr sub-encoding to TS1/0 on input line 287.
Package textcomp Info: Setting ptm sub-encoding to TS1/4 on input line 288.
Package textcomp Info: Setting pcr sub-encoding to TS1/4 on input line 289.
Package textcomp Info: Setting phv sub-encoding to TS1/4 on input line 290.
Package textcomp Info: Setting ppl sub-encoding to TS1/3 on input line 291.
Package textcomp Info: Setting pag sub-encoding to TS1/4 on input line 292.
Package textcomp Info: Setting pbk sub-encoding to TS1/4 on input line 293.
Package textcomp Info: Setting pnc sub-encoding to TS1/4 on input line 294.
Package textcomp Info: Setting pzc sub-encoding to TS1/4 on input line 295.
Package textcomp Info: Setting bch sub-encoding to TS1/4 on input line 296.
Package textcomp Info: Setting put sub-encoding to TS1/5 on input line 297.
Package textcomp Info: Setting uag sub-encoding to TS1/5 on input line 298.
Package textcomp Info: Setting ugq sub-encoding to TS1/5 on input line 299.
Package textcomp Info: Setting ul8 sub-encoding to TS1/4 on input line 300.
Package textcomp Info: Setting ul9 sub-encoding to TS1/4 on input line 301.
Package textcomp Info: Setting augie sub-encoding to TS1/5 on input line 302.
Package textcomp Info: Setting dayrom sub-encoding to TS1/3 on input line 303.
Package textcomp Info: Setting dayroms sub-encoding to TS1/3 on input line 304.

Package textcomp Info: Setting pxr sub-encoding to TS1/0 on input line 305.
Package textcomp Info: Setting pxss sub-encoding to TS1/0 on input line 306.
Package textcomp Info: Setting pxtt sub-encoding to TS1/0 on input line 307.
Package textcomp Info: Setting txr sub-encoding to TS1/0 on input line 308.
Package textcomp Info: Setting txss sub-encoding to TS1/0 on input line 309.
Package textcomp Info: Setting txtt sub-encoding to TS1/0 on input line 310.
Package textcomp Info: Setting lmr sub-encoding to TS1/0 on input line 311.
Package textcomp Info: Setting lmdh sub-encoding to TS1/0 on input line 312.
Package textcomp Info: Setting lmss sub-encoding to TS1/0 on input line 313.
Package textcomp Info: Setting lmssq sub-encoding to TS1/0 on input line 314.
Package textcomp Info: Setting lmvtt sub-encoding to TS1/0 on input line 315.
Package textcomp Info: Setting qhv sub-encoding to TS1/0 on input line 316.
Package textcomp Info: Setting qag sub-encoding to TS1/0 on input line 317.
Package textcomp Info: Setting qbk sub-encoding to TS1/0 on input line 318.
Package textcomp Info: Setting qcr sub-encoding to TS1/0 on input line 319.
Package textcomp Info: Setting qcs sub-encoding to TS1/0 on input line 320.
Package textcomp Info: Setting qpl sub-encoding to TS1/0 on input line 321.
Package textcomp Info: Setting qtm sub-encoding to TS1/0 on input line 322.
Package textcomp Info: Setting qzc sub-encoding to TS1/0 on input line 323.
Package textcomp Info: Setting qhvc sub-encoding to TS1/0 on input line 324.
Package textcomp Info: Setting futs sub-encoding to TS1/4 on input line 325.
Package textcomp Info: Setting futx sub-encoding to TS1/4 on input line 326.
Package textcomp Info: Setting futj sub-encoding to TS1/4 on input line 327.
Package textcomp Info: Setting hlh sub-encoding to TS1/3 on input line 328.
Package textcomp Info: Setting hls sub-encoding to TS1/3 on input line 329.
Package textcomp Info: Setting hlst sub-encoding to TS1/3 on input line 330.
Package textcomp Info: Setting hlct sub-encoding to TS1/5 on input line 331.
Package textcomp Info: Setting hlx sub-encoding to TS1/5 on input line 332.
Package textcomp Info: Setting hlce sub-encoding to TS1/5 on input line 333.
Package textcomp Info: Setting hlcn sub-encoding to TS1/5 on input line 334.
Package textcomp Info: Setting hlcw sub-encoding to TS1/5 on input line 335.
Package textcomp Info: Setting hlcf sub-encoding to TS1/5 on input line 336.
Package textcomp Info: Setting pplx sub-encoding to TS1/3 on input line 337.
Package textcomp Info: Setting pplj sub-encoding to TS1/3 on input line 338.
Package textcomp Info: Setting ptmx sub-encoding to TS1/4 on input line 339.
Package textcomp Info: Setting ptmj sub-encoding to TS1/4 on input line 340.
)

! LaTeX Error: File `framed.sty' not found.

Type X to quit or <RETURN> to proceed,
or enter new name. (Default extension: sty)

Enter file name: 
(/usr/share/texlive/texmf-dist/tex/latex/listings/listings.sty
\lst@mode=\count128
\lst@gtempboxa=\box56
\lst@token=\toks34
\lst@length=\count129
\lst@currlwidth=\dimen157
\lst@column=\count130
\lst@pos=\count131
\lst@lostspace=\dimen158
\lst@width=\dimen159
\lst@newlines=\count132
\lst@lineno=\count133
\lst@maxwidth=\dimen160

(/usr/share/texlive/texmf-dist/tex/latex/listings/lstmisc.sty
File: lstmisc.sty 2013/08/26 1.5b (Carsten Heinz)
\c@lstnumber=\count134
\lst@skipnumbers=\count135
\lst@framebox=\box57
)
(/usr/share/texlive/texmf-dist/tex/latex/listings/listings.cfg
File: listings.cfg 2013/08/26 1.5b listings configuration
))
Package: listings 2013/08/26 1.5b (Carsten Heinz)

(/usr/share/texmf/tex/latex/xcolor/xcolor.sty
Package: xcolor 2007/01/21 v2.11 LaTeX color extensions (UK)

(/usr/share/texlive/texmf-dist/tex/latex/latexconfig/color.cfg
File: color.cfg 2007/01/18 v1.5 color configuration of teTeX/TeXLive
)
Package xcolor Info: Driver file: pdftex.def on input line 225.
Package xcolor Info: Model `cmy' substituted by `cmy0' on input line 1337.
Package xcolor Info: Model `hsb' substituted by `rgb' on input line 1341.
Package xcolor Info: Model `RGB' extended on input line 1353.
Package xcolor Info: Model `HTML' substituted by `rgb' on input line 1355.
Package xcolor Info: Model `Hsb' substituted by `hsb' on input line 1356.
Package xcolor Info: Model `tHsb' substituted by `hsb' on input line 1357.
Package xcolor Info: Model `HSB' substituted by `hsb' on input line 1358.
Package xcolor Info: Model `Gray' substituted by `gray' on input line 1359.
Package xcolor Info: Model `wave' substituted by `hsb' on input line 1360.
)
(/usr/share/texlive/texmf-dist/tex/latex/psnfss/courier.sty
Package: courier 2005/04/12 PSNFSS-v9.2a (WaS) 
)

! LaTeX Error: File `pgfplots.sty' not found.

Type X to quit or <RETURN> to proceed,
or enter new name. (Default extension: sty)

Enter file name: 
(/usr/share/texmf/tex/latex/pgf/frontendlayer/tikz.sty
(/usr/share/texmf/tex/latex/pgf/basiclayer/pgf.sty
(/usr/share/texmf/tex/latex/pgf/utilities/pgfrcs.sty
(/usr/share/texmf/tex/generic/pgf/utilities/pgfutil-common.tex
\pgfutil@everybye=\toks35
)
(/usr/share/texmf/tex/generic/pgf/utilities/pgfutil-latex.def
\pgfutil@abb=\box58

(/usr/share/texlive/texmf-dist/tex/latex/ms/everyshi.sty
Package: everyshi 2001/05/15 v3.00 EveryShipout Package (MS)
))
(/usr/share/texmf/tex/generic/pgf/utilities/pgfrcs.code.tex
Package: pgfrcs 2010/10/25 v2.10 (rcs-revision 1.24)
))
Package: pgf 2008/01/15 v2.10 (rcs-revision 1.12)

(/usr/share/texmf/tex/latex/pgf/basiclayer/pgfcore.sty
(/usr/share/texmf/tex/latex/pgf/systemlayer/pgfsys.sty
(/usr/share/texmf/tex/generic/pgf/systemlayer/pgfsys.code.tex
Package: pgfsys 2010/06/30 v2.10 (rcs-revision 1.37)

(/usr/share/texmf/tex/generic/pgf/utilities/pgfkeys.code.tex
\pgfkeys@pathtoks=\toks36
\pgfkeys@temptoks=\toks37

(/usr/share/texmf/tex/generic/pgf/utilities/pgfkeysfiltered.code.tex
\pgfkeys@tmptoks=\toks38
))
\pgf@x=\dimen161
\pgf@y=\dimen162
\pgf@xa=\dimen163
\pgf@ya=\dimen164
\pgf@xb=\dimen165
\pgf@yb=\dimen166
\pgf@xc=\dimen167
\pgf@yc=\dimen168
\w@pgf@writea=\write3
\r@pgf@reada=\read2
\c@pgf@counta=\count136
\c@pgf@countb=\count137
\c@pgf@countc=\count138
\c@pgf@countd=\count139

(/usr/share/texmf/tex/generic/pgf/systemlayer/pgf.cfg
File: pgf.cfg 2008/05/14  (rcs-revision 1.7)
)
Package pgfsys Info: Driver file for pgf: pgfsys-pdftex.def on input line 900.

(/usr/share/texmf/tex/generic/pgf/systemlayer/pgfsys-pdftex.def
File: pgfsys-pdftex.def 2009/05/22  (rcs-revision 1.26)

(/usr/share/texmf/tex/generic/pgf/systemlayer/pgfsys-common-pdf.def
File: pgfsys-common-pdf.def 2008/05/19  (rcs-revision 1.10)
)))
(/usr/share/texmf/tex/generic/pgf/systemlayer/pgfsyssoftpath.code.tex
File: pgfsyssoftpath.code.tex 2008/07/18  (rcs-revision 1.7)
\pgfsyssoftpath@smallbuffer@items=\count140
\pgfsyssoftpath@bigbuffer@items=\count141
)
(/usr/share/texmf/tex/generic/pgf/systemlayer/pgfsysprotocol.code.tex
File: pgfsysprotocol.code.tex 2006/10/16  (rcs-revision 1.4)
))
(/usr/share/texmf/tex/generic/pgf/basiclayer/pgfcore.code.tex
Package: pgfcore 2010/04/11 v2.10 (rcs-revision 1.7)

(/usr/share/texmf/tex/generic/pgf/math/pgfmath.code.tex
(/usr/share/texmf/tex/generic/pgf/math/pgfmathcalc.code.tex
(/usr/share/texmf/tex/generic/pgf/math/pgfmathutil.code.tex)
(/usr/share/texmf/tex/generic/pgf/math/pgfmathparser.code.tex
\pgfmath@dimen=\dimen169
\pgfmath@count=\count142
\pgfmath@box=\box59
\pgfmath@toks=\toks39
\pgfmath@stack@operand=\toks40
\pgfmath@stack@operation=\toks41
)
(/usr/share/texmf/tex/generic/pgf/math/pgfmathfunctions.code.tex
(/usr/share/texmf/tex/generic/pgf/math/pgfmathfunctions.basic.code.tex)
(/usr/share/texmf/tex/generic/pgf/math/pgfmathfunctions.trigonometric.code.tex)
(/usr/share/texmf/tex/generic/pgf/math/pgfmathfunctions.random.code.tex)
(/usr/share/texmf/tex/generic/pgf/math/pgfmathfunctions.comparison.code.tex)
(/usr/share/texmf/tex/generic/pgf/math/pgfmathfunctions.base.code.tex)
(/usr/share/texmf/tex/generic/pgf/math/pgfmathfunctions.round.code.tex)
(/usr/share/texmf/tex/generic/pgf/math/pgfmathfunctions.misc.code.tex)))
(/usr/share/texmf/tex/generic/pgf/math/pgfmathfloat.code.tex
\c@pgfmathroundto@lastzeros=\count143
))
(/usr/share/texmf/tex/generic/pgf/basiclayer/pgfcorepoints.code.tex
File: pgfcorepoints.code.tex 2010/04/09  (rcs-revision 1.20)
\pgf@picminx=\dimen170
\pgf@picmaxx=\dimen171
\pgf@picminy=\dimen172
\pgf@picmaxy=\dimen173
\pgf@pathminx=\dimen174
\pgf@pathmaxx=\dimen175
\pgf@pathminy=\dimen176
\pgf@pathmaxy=\dimen177
\pgf@xx=\dimen178
\pgf@xy=\dimen179
\pgf@yx=\dimen180
\pgf@yy=\dimen181
\pgf@zx=\dimen182
\pgf@zy=\dimen183
)
(/usr/share/texmf/tex/generic/pgf/basiclayer/pgfcorepathconstruct.code.tex
File: pgfcorepathconstruct.code.tex 2010/08/03  (rcs-revision 1.24)
\pgf@path@lastx=\dimen184
\pgf@path@lasty=\dimen185
)
(/usr/share/texmf/tex/generic/pgf/basiclayer/pgfcorepathusage.code.tex
File: pgfcorepathusage.code.tex 2008/04/22  (rcs-revision 1.12)
\pgf@shorten@end@additional=\dimen186
\pgf@shorten@start@additional=\dimen187
)
(/usr/share/texmf/tex/generic/pgf/basiclayer/pgfcorescopes.code.tex
File: pgfcorescopes.code.tex 2010/09/08  (rcs-revision 1.34)
\pgfpic=\box60
\pgf@hbox=\box61
\pgf@layerbox@main=\box62
\pgf@picture@serial@count=\count144
)
(/usr/share/texmf/tex/generic/pgf/basiclayer/pgfcoregraphicstate.code.tex
File: pgfcoregraphicstate.code.tex 2008/04/22  (rcs-revision 1.9)
\pgflinewidth=\dimen188
)
(/usr/share/texmf/tex/generic/pgf/basiclayer/pgfcoretransformations.code.tex
File: pgfcoretransformations.code.tex 2009/06/10  (rcs-revision 1.11)
\pgf@pt@x=\dimen189
\pgf@pt@y=\dimen190
\pgf@pt@temp=\dimen191
)
(/usr/share/texmf/tex/generic/pgf/basiclayer/pgfcorequick.code.tex
File: pgfcorequick.code.tex 2008/10/09  (rcs-revision 1.3)
)
(/usr/share/texmf/tex/generic/pgf/basiclayer/pgfcoreobjects.code.tex
File: pgfcoreobjects.code.tex 2006/10/11  (rcs-revision 1.2)
)
(/usr/share/texmf/tex/generic/pgf/basiclayer/pgfcorepathprocessing.code.tex
File: pgfcorepathprocessing.code.tex 2008/10/09  (rcs-revision 1.8)
)
(/usr/share/texmf/tex/generic/pgf/basiclayer/pgfcorearrows.code.tex
File: pgfcorearrows.code.tex 2008/04/23  (rcs-revision 1.11)
)
(/usr/share/texmf/tex/generic/pgf/basiclayer/pgfcoreshade.code.tex
File: pgfcoreshade.code.tex 2008/11/23  (rcs-revision 1.13)
\pgf@max=\dimen192
\pgf@sys@shading@range@num=\count145
)
(/usr/share/texmf/tex/generic/pgf/basiclayer/pgfcoreimage.code.tex
File: pgfcoreimage.code.tex 2010/03/25  (rcs-revision 1.16)

(/usr/share/texmf/tex/generic/pgf/basiclayer/pgfcoreexternal.code.tex
File: pgfcoreexternal.code.tex 2010/09/01  (rcs-revision 1.17)
\pgfexternal@startupbox=\box63
))
(/usr/share/texmf/tex/generic/pgf/basiclayer/pgfcorelayers.code.tex
File: pgfcorelayers.code.tex 2010/08/27  (rcs-revision 1.2)
)
(/usr/share/texmf/tex/generic/pgf/basiclayer/pgfcoretransparency.code.tex
File: pgfcoretransparency.code.tex 2008/01/17  (rcs-revision 1.2)
)
(/usr/share/texmf/tex/generic/pgf/basiclayer/pgfcorepatterns.code.tex
File: pgfcorepatterns.code.tex 2009/07/02  (rcs-revision 1.3)
)))
(/usr/share/texmf/tex/generic/pgf/modules/pgfmoduleshapes.code.tex
File: pgfmoduleshapes.code.tex 2010/09/09  (rcs-revision 1.13)
\pgfnodeparttextbox=\box64
)
(/usr/share/texmf/tex/generic/pgf/modules/pgfmoduleplot.code.tex
File: pgfmoduleplot.code.tex 2010/10/22  (rcs-revision 1.8)
)
(/usr/share/texmf/tex/latex/pgf/compatibility/pgfcomp-version-0-65.sty
Package: pgfcomp-version-0-65 2007/07/03 v2.10 (rcs-revision 1.7)
\pgf@nodesepstart=\dimen193
\pgf@nodesepend=\dimen194
)
(/usr/share/texmf/tex/latex/pgf/compatibility/pgfcomp-version-1-18.sty
Package: pgfcomp-version-1-18 2007/07/23 v2.10 (rcs-revision 1.1)
))
(/usr/share/texmf/tex/latex/pgf/utilities/pgffor.sty
(/usr/share/texmf/tex/latex/pgf/utilities/pgfkeys.sty
(/usr/share/texmf/tex/generic/pgf/utilities/pgfkeys.code.tex))
(/usr/share/texmf/tex/generic/pgf/utilities/pgffor.code.tex
Package: pgffor 2010/03/23 v2.10 (rcs-revision 1.18)
\pgffor@iter=\dimen195
\pgffor@skip=\dimen196
\pgffor@stack=\toks42
\pgffor@toks=\toks43
))
(/usr/share/texmf/tex/generic/pgf/frontendlayer/tikz/tikz.code.tex
Package: tikz 2010/10/13 v2.10 (rcs-revision 1.76)

(/usr/share/texmf/tex/generic/pgf/libraries/pgflibraryplothandlers.code.tex
File: pgflibraryplothandlers.code.tex 2010/05/31 v2.10 (rcs-revision 1.15)
\pgf@plot@mark@count=\count146
\pgfplotmarksize=\dimen197
)
\tikz@lastx=\dimen198
\tikz@lasty=\dimen199
\tikz@lastxsaved=\dimen200
\tikz@lastysaved=\dimen201
\tikzleveldistance=\dimen202
\tikzsiblingdistance=\dimen203
\tikz@figbox=\box65
\tikz@tempbox=\box66
\tikztreelevel=\count147
\tikznumberofchildren=\count148
\tikznumberofcurrentchild=\count149
\tikz@fig@count=\count150

(/usr/share/texmf/tex/generic/pgf/modules/pgfmodulematrix.code.tex
File: pgfmodulematrix.code.tex 2010/08/24  (rcs-revision 1.4)
\pgfmatrixcurrentrow=\count151
\pgfmatrixcurrentcolumn=\count152
\pgf@matrix@numberofcolumns=\count153
)
\tikz@expandcount=\count154

(/usr/share/texmf/tex/generic/pgf/frontendlayer/tikz/libraries/tikzlibrarytopat
hs.code.tex
File: tikzlibrarytopaths.code.tex 2008/06/17 v2.10 (rcs-revision 1.2)
)))

! LaTeX Error: File `tikzscale.sty' not found.

Type X to quit or <RETURN> to proceed,
or enter new name. (Default extension: sty)

Enter file name: 

! LaTeX Error: File `siunitx.sty' not found.

Type X to quit or <RETURN> to proceed,
or enter new name. (Default extension: sty)

Enter file name: 

! LaTeX Error: Unknown option `locale=FR' for package `siunitx'.

See the LaTeX manual or LaTeX Companion for explanation.
Type  H <return>  for immediate help.
 ...                                              
                                                  
l.56 \RequirePackage
                    [european,cuteinductors,smartlabels,americanresistor,ame...

? 

! LaTeX Error: File `circuitikz.sty' not found.

Type X to quit or <RETURN> to proceed,
or enter new name. (Default extension: sty)

Enter file name: 

! LaTeX Error: Unknown option `european' for package `circuitikz'.

See the LaTeX manual or LaTeX Companion for explanation.
Type  H <return>  for immediate help.
 ...                                              
                                                  
l.57 
     
? 

! LaTeX Error: Unknown option `cuteinductors' for package `circuitikz'.

See the LaTeX manual or LaTeX Companion for explanation.
Type  H <return>  for immediate help.
 ...                                              
                                                  
l.57 
     
? 

! LaTeX Error: Unknown option `smartlabels' for package `circuitikz'.

See the LaTeX manual or LaTeX Companion for explanation.
Type  H <return>  for immediate help.
 ...                                              
                                                  
l.57 
     
? 

! LaTeX Error: Unknown option `americanresistor' for package `circuitikz'.

See the LaTeX manual or LaTeX Companion for explanation.
Type  H <return>  for immediate help.
 ...                                              
                                                  
l.57 
     
? 

! LaTeX Error: Unknown option `americanvoltages' for package `circuitikz'.

See the LaTeX manual or LaTeX Companion for explanation.
Type  H <return>  for immediate help.
 ...                                              
                                                  
l.57 
     
? 
! Undefined control sequence.
l.65 \pgfplotsset
                 {compat=1.7} % Para evitar warning de pgfplot
? 

! LaTeX Error: Missing \begin{document}.

See the LaTeX manual or LaTeX Companion for explanation.
Type  H <return>  for immediate help.
 ...                                              
                                                  
l.65 \pgfplotsset{c
                   ompat=1.7} % Para evitar warning de pgfplot
? 
(/usr/share/texlive/texmf-dist/tex/latex/listings/lstlang1.sty
File: lstlang1.sty 2013/08/26 1.5b listings language file
)
(/usr/share/texlive/texmf-dist/tex/latex/listings/lstlang1.sty
File: lstlang1.sty 2013/08/26 1.5b listings language file
)
(/usr/share/texmf/tex/generic/pgf/frontendlayer/tikz/libraries/tikzlibrarycalc.
code.tex
File: tikzlibrarycalc.code.tex 2009/09/04 v2.10 (rcs-revision 1.6)
)
(/usr/share/texmf/tex/generic/pgf/frontendlayer/tikz/libraries/tikzlibrarypatte
rns.code.tex
File: tikzlibrarypatterns.code.tex 2008/01/15 v2.10 (rcs-revision 1.2)

(/usr/share/texmf/tex/generic/pgf/libraries/pgflibrarypatterns.code.tex
File: pgflibrarypatterns.code.tex 2008/03/03 v2.10 (rcs-revision 1.13)
))
! Undefined control sequence.
l.188 \ctikzset
               {bipoles/thickness=1}
? 

! LaTeX Error: Missing \begin{document}.

See the LaTeX manual or LaTeX Companion for explanation.
Type  H <return>  for immediate help.
 ...                                              
                                                  
l.188 \ctikzset{b
                 ipoles/thickness=1}
? 
! Undefined control sequence.
l.189 \ctikzset
               {bipoles/length=0.8cm}
? 
! Undefined control sequence.
l.190 \ctikzset
               {bipoles/diode/height=.375}
? 
! Undefined control sequence.
l.191 \ctikzset
               {bipoles/diode/width=.3}
? 
! Undefined control sequence.
l.192 \ctikzset
               {tripoles/thyristor/height=.8}
? 
! Undefined control sequence.
l.193 \ctikzset
               {tripoles/thyristor/width=1}
? 
! Undefined control sequence.
l.194 \ctikzset
               {bipoles/vsourceam/height/.initial=.7}
? 
! Undefined control sequence.
l.195 \ctikzset
               {bipoles/vsourceam/width/.initial=.7}
? 

Overfull \hbox (33.29211pt too wide) in paragraph at lines 188--201
[]\T1/cmr/m/n/12 bipoles/thickness=1 bipoles/length=0.8cm bipoles/-diode/height
=.375 bipoles/-
 []


Overfull \hbox (33.87534pt too wide) in paragraph at lines 188--201
\T1/cmr/m/n/12 diode/width=.3 tripoles/thyris-tor/height=.8 tripoles/thyris-tor
/width=1 bipoles/v-
 []

! Undefined control sequence.
l.203 \ctikzset
               {lx/.code args={#1 and #2}{
? 

! LaTeX Error: Missing \begin{document}.

See the LaTeX manual or LaTeX Companion for explanation.
Type  H <return>  for immediate help.
 ...                                              
                                                  
l.203 \ctikzset{l
                 x/.code args={#1 and #2}{
? 
! You can't use `macro parameter character #' in horizontal mode.
l.203 \ctikzset{lx/.code args={#
                                1 and #2}{
? 
! You can't use `macro parameter character #' in horizontal mode.
l.203 \ctikzset{lx/.code args={#1 and #
                                       2}{
? 

! Package pgfkeys Error: I do not know the key '/tikz/circuitikz/bipole/label/n
ame' and I am going to ignore it. Perhaps you misspelled it.

See the pgfkeys package documentation for explanation.
Type  H <return>  for immediate help.
 ...                                              
                                                  
l.204 ...me=\parbox{0.7cm}{ \centering #1  \\ #2}}
                                                  
? 
! Undefined control sequence.
l.205     \ctikzsetvalof
                        {bipole/label/unit}{}
? 
! Undefined control sequence.
l.206     \ifpgf@circ@siunitx
                             
? 
! Undefined control sequence.
l.207         \pgf@circ@handleSI
                                {#2}
? 
! You can't use `macro parameter character #' in horizontal mode.
l.207         \pgf@circ@handleSI{#
                                  2}
? 
! Undefined control sequence.
l.208         \ifpgf@circ@siunitx@res
                                     
? 
! Undefined control sequence.
l.209 ...    \edef\pgf@temp{\pgf@circ@handleSI@val
                                                  }
? 
! Undefined control sequence.
l.211 ...   \edef\pgf@temp{\pgf@circ@handleSI@unit
                                                  }
? 
! Extra \else.
l.213         \else
                   
? 
! Extra \fi.
l.214         \fi
                 
? 
! Extra \else.
l.215     \else
               
? 
! Extra \fi.
l.216     \fi
             
? 
! Undefined control sequence.
l.218 \ctikzset
               {lx^/.style args={#1 and #2}{
? 
! Missing $ inserted.
<inserted text> 
                $
l.218 \ctikzset{lx^
                   /.style args={#1 and #2}{
? 
LaTeX Font Info:    Try loading font information for U+msa on input line 218.
(/usr/share/texlive/texmf-dist/tex/latex/amsfonts/umsa.fd
File: umsa.fd 2013/01/14 v3.01 AMS symbols A
)
LaTeX Font Info:    Try loading font information for U+msb on input line 218.

(/usr/share/texlive/texmf-dist/tex/latex/amsfonts/umsb.fd
File: umsb.fd 2013/01/14 v3.01 AMS symbols B
)
! You can't use `macro parameter character #' in math mode.
l.218 \ctikzset{lx^/.style args={#
                                  1 and #2}{
? 
! You can't use `macro parameter character #' in math mode.
l.218 \ctikzset{lx^/.style args={#1 and #
                                         2}{
? 
! You can't use `macro parameter character #' in math mode.
l.219     lx=#
              2 and #1,
? 
! You can't use `macro parameter character #' in math mode.
l.219     lx=#2 and #
                     1,
? 
! Undefined control sequence.
l.220     \circuitikzbasekey
                            /bipole/label/position=90 }
? 
! Extra }, or forgotten $.
l.221 }
       
? 
! Undefined control sequence.
l.222 \ctikzset
               {lx_/.style args={#1 and #2}{
? 
! You can't use `macro parameter character #' in math mode.
l.222 \ctikzset{lx_/.style args={#
                                  1 and #2}{
? 
! You can't use `macro parameter character #' in math mode.
l.222 \ctikzset{lx_/.style args={#1 and #
                                         2}{
? 
! You can't use `macro parameter character #' in math mode.
l.223     lx=#
              1 and #2,
? 
! You can't use `macro parameter character #' in math mode.
l.223     lx=#1 and #
                     2,
? 
! Undefined control sequence.
l.224     \circuitikzbasekey
                            /bipole/label/position=-90 }
? 
)
! Missing $ inserted.
<inserted text> 
                $
l.4 
    
? 

Overfull \hbox (498.71336pt too wide) in paragraph at lines 203--4
[]\T1/cmr/m/n/12 lx/.code args=1 and 2  bipole/la-bel/u-nit 2      lx$[]\OML/cm
m/m/it/12 :styleargs \OT1/cmr/m/n/12 = [][][]$ 
 []

(./estilo_fiuba.sty
Package: estilo_fiuba 

(/usr/share/texlive/texmf-dist/tex/latex/geometry/geometry.sty
Package: geometry 2010/09/12 v5.6 Page Geometry
\Gm@cnth=\count155
\Gm@cntv=\count156
\c@Gm@tempcnt=\count157
\Gm@bindingoffset=\dimen204
\Gm@wd@mp=\dimen205
\Gm@odd@mp=\dimen206
\Gm@even@mp=\dimen207
\Gm@layoutwidth=\dimen208
\Gm@layoutheight=\dimen209
\Gm@layouthoffset=\dimen210
\Gm@layoutvoffset=\dimen211
\Gm@dimlist=\toks44
))
No file 0main.aux.
\openout1 = `0main.aux'.

LaTeX Font Info:    Checking defaults for OML/cmm/m/it on input line 16.
LaTeX Font Info:    ... okay on input line 16.
LaTeX Font Info:    Checking defaults for T1/cmr/m/n on input line 16.
LaTeX Font Info:    ... okay on input line 16.
LaTeX Font Info:    Checking defaults for OT1/cmr/m/n on input line 16.
LaTeX Font Info:    ... okay on input line 16.
LaTeX Font Info:    Checking defaults for OMS/cmsy/m/n on input line 16.
LaTeX Font Info:    ... okay on input line 16.
LaTeX Font Info:    Checking defaults for OMX/cmex/m/n on input line 16.
LaTeX Font Info:    ... okay on input line 16.
LaTeX Font Info:    Checking defaults for U/cmr/m/n on input line 16.
LaTeX Font Info:    ... okay on input line 16.
LaTeX Font Info:    Checking defaults for PD1/pdf/m/n on input line 16.
LaTeX Font Info:    ... okay on input line 16.
LaTeX Font Info:    Checking defaults for PU/pdf/m/n on input line 16.
LaTeX Font Info:    ... okay on input line 16.
LaTeX Font Info:    Checking defaults for TS1/cmr/m/n on input line 16.
LaTeX Font Info:    Try loading font information for TS1+cmr on input line 16.
(/usr/share/texlive/texmf-dist/tex/latex/base/ts1cmr.fd
File: ts1cmr.fd 1999/05/25 v2.5h Standard LaTeX font definitions
)
LaTeX Font Info:    ... okay on input line 16.
\AtBeginShipoutBox=\box67
Package hyperref Info: Link coloring ON on input line 16.

(/usr/share/texlive/texmf-dist/tex/latex/hyperref/nameref.sty
Package: nameref 2012/10/27 v2.43 Cross-referencing by name of section

(/usr/share/texlive/texmf-dist/tex/generic/oberdiek/gettitlestring.sty
Package: gettitlestring 2010/12/03 v1.4 Cleanup title references (HO)
)
\c@section@level=\count158
)
LaTeX Info: Redefining \ref on input line 16.
LaTeX Info: Redefining \pageref on input line 16.
LaTeX Info: Redefining \nameref on input line 16.
\@outlinefile=\write4
\openout4 = `0main.out'.


(/usr/share/texlive/texmf-dist/tex/context/base/supp-pdf.mkii
[Loading MPS to PDF converter (version 2006.09.02).]
\scratchcounter=\count159
\scratchdimen=\dimen212
\scratchbox=\box68
\nofMPsegments=\count160
\nofMParguments=\count161
\everyMPshowfont=\toks45
\MPscratchCnt=\count162
\MPscratchDim=\dimen213
\MPnumerator=\count163
\makeMPintoPDFobject=\count164
\everyMPtoPDFconversion=\toks46
) (/usr/share/texlive/texmf-dist/tex/latex/oberdiek/epstopdf-base.sty
Package: epstopdf-base 2010/02/09 v2.5 Base part for package epstopdf

(/usr/share/texlive/texmf-dist/tex/latex/oberdiek/grfext.sty
Package: grfext 2010/08/19 v1.1 Manage graphics extensions (HO)
)
Package grfext Info: Graphics extension search list:
(grfext)             [.png,.pdf,.jpg,.mps,.jpeg,.jbig2,.jb2,.PNG,.PDF,.JPG,.JPE
G,.JBIG2,.JB2,.eps]
(grfext)             \AppendGraphicsExtensions on input line 452.

(/usr/share/texlive/texmf-dist/tex/latex/latexconfig/epstopdf-sys.cfg
File: epstopdf-sys.cfg 2010/07/13 v1.3 Configuration of (r)epstopdf for TeX Liv
e
))
Package caption Info: Begin \AtBeginDocument code.
Package caption Info: listings package is loaded.
Package caption Info: wrapfig package is loaded.


! Package caption Error: For a successful cooperation we need at least version
(caption)                `2003/01/31 v3.6' of package wrapfig,
(caption)                but only version
(caption)                `'
(caption)                is available.

See the caption package documentation for explanation.
Type  H <return>  for immediate help.
 ...                                              
                                                  
l.16 \begin{document}
                     
? 
Package caption Info: End \AtBeginDocument code.
\c@lstlisting=\count165
ABD: EveryShipout initializing macros
*geometry* driver: auto-detecting
*geometry* detected driver: pdftex
*geometry* verbose mode - [ preamble ] result:
* driver: pdftex
* paper: a4paper
* layout: <same size as paper>
* layoutoffset:(h,v)=(0.0pt,0.0pt)
* bindingoffset: 14.22636pt
* modes: twoside 
* h-part:(L,W,R)=(71.13188pt, 441.01775pt, 71.13188pt)
* v-part:(T,H,B)=(71.13188pt, 702.78308pt, 71.13188pt)
* \paperwidth=597.50787pt
* \paperheight=845.04684pt
* \textwidth=441.01775pt
* \textheight=702.78308pt
* \oddsidemargin=13.08826pt
* \evensidemargin=-1.1381pt
* \topmargin=-38.1381pt
* \headheight=15.0pt
* \headsep=25.0pt
* \topskip=12.0pt
* \footskip=30.0pt
* \marginparwidth=85.0pt
* \marginparsep=10.0pt
* \columnsep=10.0pt
* \skip\footins=10.8pt plus 4.0pt minus 2.0pt
* \hoffset=0.0pt
* \voffset=0.0pt
* \mag=1000
* \@twocolumnfalse
* \@twosidetrue
* \@mparswitchtrue
* \@reversemarginfalse
* (1in=72.27pt=25.4mm, 1cm=28.453pt)

[1

{/var/lib/texmf/fonts/map/pdftex/updmap/pdftex.map}]
\openout2 = `cover.aux'.

 (./cover.tex
*geometry* verbose mode - [ newgeometry ] result:
* driver: pdftex
* paper: a4paper
* layout: <same size as paper>
* layoutoffset:(h,v)=(0.0pt,0.0pt)
* bindingoffset: 14.22636pt
* modes: twoside 
* h-part:(L,W,R)=(71.13188pt, 441.01775pt, 71.13188pt)
* v-part:(T,H,B)=(56.9055pt, 745.46222pt, 42.67912pt)
* \paperwidth=597.50787pt
* \paperheight=845.04684pt
* \textwidth=441.01775pt
* \textheight=745.46222pt
* \oddsidemargin=13.08826pt
* \evensidemargin=-1.1381pt
* \topmargin=-55.36449pt
* \headheight=15.0pt
* \headsep=25.0pt
* \topskip=12.0pt
* \footskip=30.0pt
* \marginparwidth=85.0pt
* \marginparsep=10.0pt
* \columnsep=10.0pt
* \skip\footins=10.8pt plus 4.0pt minus 2.0pt
* \hoffset=0.0pt
* \voffset=0.0pt
* \mag=1000
* \@twocolumnfalse
* \@twosidetrue
* \@mparswitchtrue
* \@reversemarginfalse
* (1in=72.27pt=25.4mm, 1cm=28.453pt)


<images/logo_fiuba.png, id=17, 186.2157pt x 186.2157pt>
File: images/logo_fiuba.png Graphic file (type png)

<use images/logo_fiuba.png>
Package pdftex.def Info: images/logo_fiuba.png used on input line 12.
(pdftex.def)             Requested size: 139.66142pt x 139.66142pt.


LaTeX Font Warning: Font shape `TS1/cmr/m/sc' undefined
(Font)              using `TS1/cmr/m/n' instead
(Font)              for symbol `textdegree' on input line 15.

! Undefined control sequence.
<argument> \Large \codigoMateria 
                                 
l.16       \textsc{\Large \codigoMateria}
                                         \\[0.5 cm] % Cdigo materia
? 
! Undefined control sequence.
<argument> \large \nombreMateria 
                                 
l.17       \textsc{\large \nombreMateria}
                                         \\[0.5 cm] % Nombre materia
? 
pdfTeX warning (ext4): destination with the same identifier (name{page.1}) has 
been already used, duplicate ignored
<to be read again> 
                   \relax 
l.47   \end{titlepage}
                       [1


 <./images/logo_fiuba.png>])
\tf@toc=\write5
\openout5 = `0main.toc'.

pdfTeX warning (ext4): destination with the same identifier (name{page.1}) has 
been already used, duplicate ignored
<to be read again> 
                   \relax 
l.32 \newpage
              [1



] (./1objetivos.tex) (./2enun.tex
! Missing $ inserted.
<inserted text> 
                $
l.4 \textbf{1.} Cargar el archivo intensidad_
                                             RGB.mat y visualizar la seal ...

? 

LaTeX Warning: Command \~ invalid in math mode on input line 4.


LaTeX Warning: Command \' invalid in math mode on input line 5.


LaTeX Warning: Command \' invalid in math mode on input line 5.


LaTeX Warning: Command \~ invalid in math mode on input line 6.


LaTeX Warning: Command \' invalid in math mode on input line 6.


LaTeX Warning: Command \' invalid in math mode on input line 6.


LaTeX Warning: Command \' invalid in math mode on input line 6.


LaTeX Warning: Command \' invalid in math mode on input line 6.


LaTeX Warning: Command \' invalid in math mode on input line 8.


LaTeX Warning: Command \' invalid in math mode on input line 10.


LaTeX Warning: Command \textquestiondown invalid in math mode on input line 11.



LaTeX Warning: Command \' invalid in math mode on input line 12.


LaTeX Warning: Command \~ invalid in math mode on input line 13.


LaTeX Warning: Command \' invalid in math mode on input line 14.


LaTeX Warning: Command \textquestiondown invalid in math mode on input line 16.



LaTeX Warning: Command \' invalid in math mode on input line 16.


LaTeX Warning: Command \~ invalid in math mode on input line 16.


LaTeX Warning: Command \~ invalid in math mode on input line 17.


LaTeX Warning: Command \~ invalid in math mode on input line 17.


LaTeX Warning: Command \' invalid in math mode on input line 18.


LaTeX Warning: Command \' invalid in math mode on input line 18.


LaTeX Warning: Command \~ invalid in math mode on input line 18.


LaTeX Warning: Command \' invalid in math mode on input line 20.


LaTeX Warning: Command \~ invalid in math mode on input line 21.


LaTeX Warning: Command \~ invalid in math mode on input line 22.


LaTeX Warning: Command \' invalid in math mode on input line 26.


LaTeX Warning: Command \' invalid in math mode on input line 26.


LaTeX Warning: Command \' invalid in math mode on input line 27.


LaTeX Warning: Command \~ invalid in math mode on input line 27.


LaTeX Warning: Command \~ invalid in math mode on input line 29.


LaTeX Warning: Command \~ invalid in math mode on input line 30.


LaTeX Warning: Command \' invalid in math mode on input line 30.


LaTeX Warning: Command \' invalid in math mode on input line 30.


LaTeX Warning: Command \' invalid in math mode on input line 31.


LaTeX Warning: Command \' invalid in math mode on input line 32.


LaTeX Warning: Command \' invalid in math mode on input line 33.


LaTeX Warning: Command \' invalid in math mode on input line 34.


LaTeX Warning: Command \textquestiondown invalid in math mode on input line 35.



LaTeX Warning: Command \' invalid in math mode on input line 35.


LaTeX Warning: Command \' invalid in math mode on input line 35.


LaTeX Warning: Command \' invalid in math mode on input line 35.


LaTeX Warning: Command \' invalid in math mode on input line 35.


LaTeX Warning: Command \~ invalid in math mode on input line 38.


LaTeX Warning: Command \' invalid in math mode on input line 39.


LaTeX Warning: Command \' invalid in math mode on input line 39.


LaTeX Warning: Command \~ invalid in math mode on input line 39.


LaTeX Warning: Command \' invalid in math mode on input line 41.


LaTeX Warning: Command \~ invalid in math mode on input line 42.


LaTeX Warning: Command \' invalid in math mode on input line 43.


LaTeX Warning: Command \~ invalid in math mode on input line 43.


LaTeX Warning: Command \~ invalid in math mode on input line 45.


LaTeX Warning: Command \' invalid in math mode on input line 47.


LaTeX Warning: Command \' invalid in math mode on input line 47.


LaTeX Warning: Command \' invalid in math mode on input line 47.


LaTeX Warning: Command \' invalid in math mode on input line 47.


LaTeX Warning: Command \' invalid in math mode on input line 48.


LaTeX Warning: Command \~ invalid in math mode on input line 48.


LaTeX Warning: Command \~ invalid in math mode on input line 48.


LaTeX Warning: Command \~ invalid in math mode on input line 49.


LaTeX Warning: Command \' invalid in math mode on input line 50.


LaTeX Warning: Command \' invalid in math mode on input line 50.


LaTeX Warning: Command \~ invalid in math mode on input line 51.


LaTeX Warning: Command \' invalid in math mode on input line 52.


LaTeX Warning: Command \' invalid in math mode on input line 53.


LaTeX Warning: Command \~ invalid in math mode on input line 53.


LaTeX Warning: Command \' invalid in math mode on input line 55.


LaTeX Warning: Command \~ invalid in math mode on input line 55.


LaTeX Warning: Command \' invalid in math mode on input line 56.


LaTeX Warning: Command \' invalid in math mode on input line 59.


LaTeX Warning: Command \' invalid in math mode on input line 59.


LaTeX Warning: Command \~ invalid in math mode on input line 59.


LaTeX Warning: Command \~ invalid in math mode on input line 60.


LaTeX Warning: Command \' invalid in math mode on input line 60.


LaTeX Warning: Command \' invalid in math mode on input line 60.


LaTeX Warning: Command \' invalid in math mode on input line 61.


LaTeX Warning: Command \' invalid in math mode on input line 61.


LaTeX Warning: Command \' invalid in math mode on input line 62.


LaTeX Warning: Command \' invalid in math mode on input line 63.


LaTeX Warning: Command \' invalid in math mode on input line 63.


LaTeX Warning: Command \' invalid in math mode on input line 64.


LaTeX Warning: Command \' invalid in math mode on input line 64.


LaTeX Warning: Command \~ invalid in math mode on input line 65.


LaTeX Warning: Command \' invalid in math mode on input line 65.


LaTeX Warning: Command \' invalid in math mode on input line 66.


LaTeX Warning: Command \' invalid in math mode on input line 66.


LaTeX Warning: Command \' invalid in math mode on input line 68.


LaTeX Warning: Command \' invalid in math mode on input line 68.


LaTeX Warning: Command \' invalid in math mode on input line 70.


LaTeX Warning: Command \' invalid in math mode on input line 71.


LaTeX Warning: Command \~ invalid in math mode on input line 72.


LaTeX Warning: Command \' invalid in math mode on input line 73.


LaTeX Warning: Command \' invalid in math mode on input line 75.


LaTeX Warning: Command \' invalid in math mode on input line 75.


LaTeX Warning: Command \' invalid in math mode on input line 78.


LaTeX Warning: Command \~ invalid in math mode on input line 79.


LaTeX Warning: Command \' invalid in math mode on input line 79.


LaTeX Warning: Command \' invalid in math mode on input line 80.


LaTeX Warning: Command \~ invalid in math mode on input line 80.


LaTeX Warning: Command \' invalid in math mode on input line 80.


LaTeX Warning: Command \' invalid in math mode on input line 81.


LaTeX Warning: Command \' invalid in math mode on input line 81.


LaTeX Warning: Command \~ invalid in math mode on input line 83.


LaTeX Warning: Command \' invalid in math mode on input line 83.


LaTeX Warning: Command \' invalid in math mode on input line 83.

)
! Missing $ inserted.
<inserted text> 
                $
l.36 \newpage
             
? 
Missing character: There is no  in font cmr12!
Missing character: There is no  in font cmr12!
Missing character: There is no  in font cmr12!
Missing character: There is no  in font cmr12!
Missing character: There is no  in font cmr12!
Missing character: There is no  in font cmr12!
Missing character: There is no  in font cmr12!
Missing character: There is no  in font cmr12!
Missing character: There is no  in font cmr12!
Missing character: There is no  in font cmr12!
Missing character: There is no  in font cmr12!
Missing character: There is no  in font cmr12!
Missing character: There is no  in font cmr12!
Missing character: There is no  in font cmr12!
Missing character: There is no  in font cmr12!
Missing character: There is no  in font cmr12!
Missing character: There is no  in font cmr12!
Missing character: There is no  in font cmr12!
Missing character: There is no  in font cmr12!
Missing character: There is no  in font cmr12!
Missing character: There is no  in font cmr12!
Missing character: There is no  in font cmr12!
Missing character: There is no  in font cmr12!
Missing character: There is no  in font cmr12!
Missing character: There is no  in font cmr12!
Missing character: There is no  in font cmr12!
Missing character: There is no  in font cmr12!
Missing character: There is no  in font cmr12!
Missing character: There is no  in font cmr12!
Missing character: There is no  in font cmr12!
Missing character: There is no  in font cmr12!
Missing character: There is no  in font cmr12!
Missing character: There is no  in font cmr12!
Missing character: There is no  in font cmr12!
Missing character: There is no  in font cmr12!
Missing character: There is no  in font cmr12!
Missing character: There is no  in font cmr12!
Missing character: There is no  in font cmr12!
Missing character: There is no  in font cmr12!
Missing character: There is no  in font cmr12!
Missing character: There is no  in font cmr12!
Missing character: There is no  in font cmr12!
Missing character: There is no  in font cmr12!
Missing character: There is no  in font cmr12!
Missing character: There is no  in font cmr12!
Missing character: There is no  in font cmr12!
Missing character: There is no  in font cmr12!
Missing character: There is no  in font cmr12!
Missing character: There is no  in font cmr12!
Missing character: There is no  in font cmr12!
Missing character: There is no  in font cmr12!
Missing character: There is no  in font cmr12!
Missing character: There is no  in font cmr12!
Missing character: There is no  in font cmr12!
Missing character: There is no  in font cmr12!
Missing character: There is no  in font cmr12!
Missing character: There is no  in font cmr12!
Missing character: There is no  in font cmr12!
Missing character: There is no  in font cmr12!
Missing character: There is no  in font cmr12!
Missing character: There is no  in font cmr12!
Missing character: There is no  in font cmr12!
Missing character: There is no  in font cmr12!
Missing character: There is no  in font cmr12!
Missing character: There is no  in font cmr12!
Missing character: There is no  in font cmr12!
Missing character: There is no  in font cmr12!
Missing character: There is no  in font cmr12!
Missing character: There is no  in font cmr12!
Missing character: There is no  in font cmr12!
Missing character: There is no  in font cmr12!
Missing character: There is no  in font cmr12!
Missing character: There is no  in font cmr12!
Missing character: There is no  in font cmr12!
Missing character: There is no  in font cmr12!
Missing character: There is no  in font cmr12!
Missing character: There is no  in font cmr12!
Missing character: There is no  in font cmr12!
Missing character: There is no  in font cmr12!
Missing character: There is no  in font cmr12!
Missing character: There is no  in font cmr12!
Missing character: There is no  in font cmr12!
Missing character: There is no  in font cmr12!
Missing character: There is no  in font cmr12!
Missing character: There is no  in font cmr12!
Missing character: There is no  in font cmr12!
Missing character: There is no  in font cmr12!
Missing character: There is no  in font cmr12!
Missing character: There is no  in font cmr12!
Missing character: There is no  in font cmr12!
Missing character: There is no  in font cmr12!
Missing character: There is no  in font cmr12!
Missing character: There is no  in font cmr12!
Missing character: There is no  in font cmr12!
Missing character: There is no  in font cmr12!
Missing character: There is no  in font cmr12!
Missing character: There is no  in font cmr12!
Missing character: There is no  in font cmr12!
Missing character: There is no  in font cmr12!
Missing character: There is no  in font cmr12!
Missing character: There is no  in font cmr12!
Missing character: There is no  in font cmr12!
Missing character: There is no  in font cmr12!
Missing character: There is no  in font cmr12!

Overfull \hbox (978.60435pt too wide) in paragraph at lines 3--36
\T1/cmr/bx/n/12 Deteccin de lati-dos carda-cos. 1. \T1/cmr/m/n/12 Car-gar el 
archivo intensidad$[]\OML/cmm/m/it/12 GB:matyvisualizarlasealRGBensuperposicin\
OT1/cmr/m/n/12 (3\OML/cmm/m/it/12 canales\OT1/cmr/m/n/12 )\OML/cmm/m/it/12 :Eli
jaalgunodelos\OT1/cmr/m/n/12 3\OML/cmm/m/it/12 canalesque; segnsucriterio; pose
alasealmstilalosefectosdeanalizarladinmicadeloslatidosyutilcelopararealizarlosp
untossiguientes:[] 
 []


Overfull \hbox (565.46704pt too wide) in paragraph at lines 3--36
[]\OML/cmm/m/it/12 Delgrficodelpuntoanterior; estimaraproximadamenteloslatidosp
orminuto\OT1/cmr/m/n/12 (\OML/cmm/m/it/12 LPM\OT1/cmr/m/n/12 )\OML/cmm/m/it/12 
:Identifiqueelmomentoapartirdelcuallafrecuenciacardiacacomienzaaincrementarse; 
yencuntoseincrementa:[] 
 []


Overfull \hbox (100.03859pt too wide) in paragraph at lines 3--36
[]\OML/cmm/m/it/12 Rehacerelpuntoanterior; peroutilizandoDFT:Puedeenestecasoide
ntificarcundosedaelcambiodeLPM\OT1/cmr/m/n/12 ?[] 
 []


Overfull \hbox (526.40277pt too wide) in paragraph at lines 3--36
[]\OML/cmm/m/it/12 Disearunfiltropasa \OMS/cmsy/m/n/12 ^^@ \OML/cmm/m/it/12 ban
datipoButterworthconbandadepasoentre\OT1/cmr/m/n/12 0\OML/cmm/m/it/12 :\OT1/cmr
/m/n/12 5\OML/cmm/m/it/12 Hzy\OT1/cmr/m/n/12 10\OML/cmm/m/it/12 Hz:Graficarresp
uestaenfrecuencia\OT1/cmr/m/n/12 (\OML/cmm/m/it/12 mduloyfase\OT1/cmr/m/n/12 )\
OML/cmm/m/it/12 ; diagramadepolosycerosyrespuestaalimpulso\OT1/cmr/m/n/12 (\OML
/cmm/m/it/12 sugerencia \OT1/cmr/m/n/12 :
 []


Overfull \hbox (395.732pt too wide) in paragraph at lines 3--36
[]\OML/cmm/m/it/12 FiltrarlasealFPGutilizandoelfiltrodiseadoenelpuntoanteriorme
diantelafuncinfilter:Grafiqueensuperposicinlasealoriginalconlafiltradaycomentea
cercade \OT1/cmr/m/n/12 :
 []


Overfull \hbox (97.65155pt too wide) in paragraph at lines 3--36
[]\OML/cmm/m/it/12 Apartirdelarespuestaenfasedelfiltro; calculesuretardotempora
lycompareconloobservadoenelpunto\OT1/cmr/m/n/12 5\OML/cmm/m/it/12 c:[] 
 []


Overfull \hbox (1254.93481pt too wide) in paragraph at lines 3--36
[]\OML/cmm/m/it/12 ImplementarunfiltradoIIRidayvueltaparaanularlafasedelfiltro\
OT1/cmr/m/n/12 (\OML/cmm/m/it/12 puedeutilizarlafuncinfiltfiltdeMatlab\OT1/cmr/
m/n/12 )\OML/cmm/m/it/12 :Justificartericamenteelfuncionamientodeestetipodefilt
radoyculresultasuventaja:FiltrarnuevamentelasealFPGycompararelresultadoconloobt
enidoenelpuntoanterior; particularmenteenlaformadelasealysuretardo:[] 
 []


Overfull \hbox (150.18489pt too wide) in paragraph at lines 3--36
[]\OML/cmm/m/it/12 Realizarunespectrogramadelasealantesydespusdefiltrar; median
telafuncinspectrogramdeMatlab\OT1/cmr/m/n/12 (\OML/cmm/m/it/12 sugerencia \OT1/
cmr/m/n/12 :
 []


Overfull \hbox (1326.38995pt too wide) in paragraph at lines 3--36
\OML/cmm/m/it/12 utilicelafuncincaxisparasaturarloscoloresdelespectrogramaylogr
arunamejorvisualizacin\OT1/cmr/m/n/12 )\OML/cmm/m/it/12 :Justificarlalongitudde
ventanaelegidaycomenteacercadelresultadoobtenido; relacionndoloconlospuntos\OT1
/cmr/m/n/12 2\OML/cmm/m/it/12 y\OT1/cmr/m/n/12 3\OML/cmm/m/it/12 :Calculelareso
lucinenfrecuenciadelaventanamedianteDFTenMatlab:Cmoharaparaobtenermejorresoluci
nenfrecuenciayqusepierdeconesto\OT1/cmr/m/n/12 ?[] 
 []


Overfull \hbox (931.73578pt too wide) in paragraph at lines 3--36
[]\OML/cmm/m/it/12 Identificarenelespectrogramalazonadondeelpulsoseacelera:Obse
rvarcondetenimientoloscomponentesdefrecuenciaqueposeelasealyjustificarelorigend
ecadauno\OT1/cmr/m/n/12 (\OML/cmm/m/it/12 paraestoltimo; necesitarhacerusodelas
ealaudio[]et:matparaexplicartodosloscomponentesobservados\OT1/cmr/m/n/12 )\OML/
cmm/m/it/12 :[] 
 []


Overfull \hbox (810.07965pt too wide) in paragraph at lines 3--36
[]\OML/cmm/m/it/12 Realizarundetectorautomticodelatidos:Elmismodebetomarcomoent
radalasealFPGyproducircomosalidaunvectordetiempos; dondecadatiempocorrespondeal
adeteccindeunlatidoenlaseal:Paraesto; sesugiereimplementarlossiguientespasos \O
T1/cmr/m/n/12 :
 []


Overfull \hbox (969.74187pt too wide) in paragraph at lines 3--36
\OML/cmm/m/it/12 c:Normalizacinconenergainstantnea \OT1/cmr/m/n/12 : \OML/cmm/m
/it/12 primerocalcularlaenergainstantneadelasealmedianteunfiltroMA\OT1/cmr/m/n/
12 1\OML/cmm/m/it/12 delasealdelpunto\OT1/cmr/m/n/12 10\OML/cmm/m/it/12 aelevad
aalcuadrado\OT1/cmr/m/n/12 ; \OML/cmm/m/it/12 luegodividirlasealdelpuntobporelv
ectorobtenido:Estotienecomoobjetoreducirelimpactodelapresinsanguneasobreelnivel
deseal:[] 
 []


Overfull \hbox (31.60133pt too wide) in paragraph at lines 3--36
\OML/cmm/m/it/12 d:Sobre \OMS/cmsy/m/n/12 ^^@ \OML/cmm/m/it/12 muestreoenunfact
or\OT1/cmr/m/n/12 4\OML/cmm/m/it/12 paraobtenermayorresolucintemporal \OT1/cmr/
m/n/12 : \OML/cmm/m/it/12 implementeelsobre \OMS/cmsy/m/n/12 ^^@
 []


Overfull \hbox (202.61751pt too wide) in paragraph at lines 3--36
\OML/cmm/m/it/12 muestreoutilizandolafuncinupsampleydiseeunfiltrointerpoladorFI
RutilizandolaherramientafdatooldeMatlab:Grafique \OT1/cmr/m/n/12 :
 []


Overfull \hbox (61.73355pt too wide) in paragraph at lines 3--36
\OML/cmm/m/it/12 respuestaenfrecuenciadelfiltroenmduloyfase; ysealoriginalysobr
e \OMS/cmsy/m/n/12 ^^@ \OML/cmm/m/it/12 muestreadaensuperposicin:[] 
 []


Overfull \hbox (42.4955pt too wide) in paragraph at lines 3--36
\OML/cmm/m/it/12 f:Grficoensuperposicindelasealconlasmarcasdelospicosdetectados
:Sugerenciaparaelpuntoe \OT1/cmr/m/n/12 :
 []


Overfull \hbox (1590.20168pt too wide) in paragraph at lines 3--36
\OML/cmm/m/it/12 engeneral; unpicoenlasealproducirladeteccindemltiplesmuestrasp
orencimadelumbral:Parareducirlasaslouna; puedeutilizarlafuncindiffparaevaluarla
primeraderivadasobreelvectordemuestrasdetectadas\OT1/cmr/m/n/12 (\OML/cmm/m/it/
12 lacualcontieneslounosyceros\OT1/cmr/m/n/12 )\OML/cmm/m/it/12 ; quedndosesolo
conlasmuestraspositivasqueresultenybuscando; paracadaunadeestas; laposicindelmx
imoinmediatodelasealoriginaldentrodeunintervalopre \OMS/cmsy/m/n/12 ^^@
 []


Overfull \hbox (129.46884pt too wide) in paragraph at lines 3--36
[]\OML/cmm/m/it/12 Enbasealosresultadosdelpuntoanterior; calculeygrafiqueelinte
rvalotemporalinstantneoentrelatidos\OT1/cmr/m/n/12 (\OML/cmm/m/it/12 IBI \OT1/c
mr/m/n/12 :
 []


Overfull \hbox (387.11787pt too wide) in paragraph at lines 3--36
\OML/cmm/m/it/12 a:Establecercomoreglaque; sidoslatidossedetectaronconunasepara
cintemporalmenora\OT1/cmr/m/n/12 200\OML/cmm/m/it/12 ms; sobrevivesloaquelqueco
rrespondaalpicodelasealmayorentreambos:[] 
 []


Overfull \hbox (1687.58739pt too wide) in paragraph at lines 3--36
\OML/cmm/m/it/12 b:EstablecercomoreglaquesielIBIinstantneoaumentarepentinamente
enalmenos\OT1/cmr/m/n/12 1\OML/cmm/m/it/12 :\OT1/cmr/m/n/12 5\OML/cmm/m/it/12 v
ecesentremuestrasconsecutivas; puedehaberseperdidoladeteccindeunlatido:Cuandoes
teseaelcaso; realiceunanuevadeteccindepicosdentrodelintervalocorrespondiente; u
tilizandounumbrallamitaddelnominal:Sideestamanerasehallaunnuevopico; distanciad
oalmenos\OT1/cmr/m/n/12 360\OML/cmm/m/it/12 msdeladeteccinprecedente; entoncesc
lasificarlocomolatido:[] 
 []


Overfull \hbox (1000.25151pt too wide) in paragraph at lines 3--36
[]\OML/cmm/m/it/12 Opcional:ObtenersupropiasealFPGmediantelacmaradesucelularyap
licarlosanlisisyalgoritmosdesarrolladosaestaseal:Paraesto; realiceunagrabacinta
lcomoseexplicenlaseccin\OT1/cmr/m/n/12 1\OML/cmm/m/it/12 yutilicelosscriptsauxi
liaresdeMatlabparaextraerlosarchivosdeintensidadesyaudiodelvideo:Nota \OT1/cmr/
m/n/12 :
 []


Overfull \hbox (312.88608pt too wide) in paragraph at lines 3--36
\OML/cmm/m/it/12 paraunmejorresultadoenlasealregistrada; utilizareldedondiceapl
icandounalevepresinsobrelalente; evitandoresultarexcesivamentesuaveofuerte:[] 
 []


Underfull \hbox (badness 10000) in paragraph at lines 3--36

 []

! Undefined control sequence.
\f@ncyerh ->\nombreMateria 
                           \strut 
l.36 \newpage
             
? 
[2] (./3desar.tex

LaTeX Warning: Reference `fig:esquemas' on page 3 undefined on input line 6.


Underfull \hbox (badness 10000) in paragraph at lines 42--44

 []


LaTeX Warning: Reference `equ:gi' on page 3 undefined on input line 47.


LaTeX Warning: Reference `equ:snr' on page 3 undefined on input line 54.


Underfull \hbox (badness 10000) in paragraph at lines 63--64

 []


Underfull \hbox (badness 10000) in paragraph at lines 65--66

 []


Underfull \hbox (badness 10000) in paragraph at lines 75--76

 []


Underfull \hbox (badness 10000) in paragraph at lines 77--78

 []

! Undefined control sequence.
\f@ncyorh ->\nombreMateria 
                           \strut 
l.78 
     
? 
[3]
Underfull \hbox (badness 10000) in paragraph at lines 79--80

 []


Underfull \hbox (badness 10000) in paragraph at lines 83--84

 []


Underfull \hbox (badness 10000) in paragraph at lines 85--86

 []


Underfull \hbox (badness 10000) in paragraph at lines 88--89

 []


Underfull \hbox (badness 10000) in paragraph at lines 90--91

 []


Underfull \hbox (badness 10000) in paragraph at lines 92--93

 []


Underfull \hbox (badness 10000) in paragraph at lines 94--95

 []


Underfull \hbox (badness 10000) in paragraph at lines 98--99

 []


Underfull \hbox (badness 10000) in paragraph at lines 102--103

 []


Underfull \hbox (badness 10000) in paragraph at lines 104--105

 []


Underfull \hbox (badness 10000) in paragraph at lines 113--114

 []


Underfull \hbox (badness 10000) in paragraph at lines 115--116

 []


Underfull \hbox (badness 10000) in paragraph at lines 117--118

 []


Underfull \hbox (badness 10000) in paragraph at lines 119--120

 []


LaTeX Warning: Reference `equ:snr_yn' on page 4 undefined on input line 130.


LaTeX Warning: Reference `equ:probe' on page 4 undefined on input line 130.


LaTeX Warning: Reference `equ:prob_tot' on page 4 undefined on input line 136.


Underfull \hbox (badness 10000) in paragraph at lines 136--137

 []

! Undefined control sequence.
\f@ncyerh ->\nombreMateria 
                           \strut 
l.137 
      
? 
[4] <images/Pe_pto3_1.png, id=72, 1156.32pt x 562.35094pt>
File: images/Pe_pto3_1.png Graphic file (type png)

<use images/Pe_pto3_1.png>
Package pdftex.def Info: images/Pe_pto3_1.png used on input line 149.
(pdftex.def)             Requested size: 441.01775pt x 214.47643pt.


LaTeX Warning: Reference `fig:pto3_1' on page 5 undefined on input line 156.


Underfull \hbox (badness 10000) in paragraph at lines 167--168

 []

! Undefined control sequence.
\f@ncyorh ->\nombreMateria 
                           \strut 
l.171 
      
? 
[5 <./images/Pe_pto3_1.png (PNG copy)>]

LaTeX Warning: Reference `fig:pto4_1' on page 6 undefined on input line 181.


LaTeX Warning: Reference `fig:pto4_2' on page 6 undefined on input line 181.

<images/Pe_pto4_1.jpg, id=81, 578.16pt x 433.62pt>
File: images/Pe_pto4_1.jpg Graphic file (type jpg)
 <use images/Pe_pto4_1.jpg>
Package pdftex.def Info: images/Pe_pto4_1.jpg used on input line 185.
(pdftex.def)             Requested size: 441.01775pt x 330.75882pt.

<images/Pe_pto4_2.jpg, id=82, 578.16pt x 433.62pt>
File: images/Pe_pto4_2.jpg Graphic file (type jpg)
 <use images/Pe_pto4_2.jpg>
Package pdftex.def Info: images/Pe_pto4_2.jpg used on input line 192.
(pdftex.def)             Requested size: 441.01775pt x 330.75882pt.

Underfull \vbox (badness 10000) has occurred while \output is active []


! Undefined control sequence.
\f@ncyerh ->\nombreMateria 
                           \strut 
l.196 
      
? 
[6 <./images/Pe_pto4_1.jpg>]
! Undefined control sequence.
\f@ncyorh ->\nombreMateria 
                           \strut 
l.204 \newpage
              
? 
[7 <./images/Pe_pto4_2.jpg>]
<images/fdp_XA.png, id=93, 1445.4pt x 712.91344pt>
File: images/fdp_XA.png Graphic file (type png)
 <use images/fdp_XA.png>
Package pdftex.def Info: images/fdp_XA.png used on input line 211.
(pdftex.def)             Requested size: 441.01775pt x 217.51987pt.

<images/fdp_X-A.png, id=94, 1445.4pt x 712.91344pt>
File: images/fdp_X-A.png Graphic file (type png)
 <use images/fdp_X-A.png>
Package pdftex.def Info: images/fdp_X-A.png used on input line 218.
(pdftex.def)             Requested size: 441.01775pt x 217.51987pt.
)
! Undefined control sequence.
\f@ncyerh ->\nombreMateria 
                           \strut 
l.38 \newpage
             
? 
[8 <./images/fdp_XA.png (PNG copy)> <./images/fdp_X-A.png (PNG copy)>]
(./4conclu.tex) (./5apend.tex)
Package atveryend Info: Empty hook `BeforeClearDocument' on input line 42.

! Undefined control sequence.
\f@ncyorh ->\nombreMateria 
                           \strut 
l.42 \end{document}
                   
? 
[9]
Package atveryend Info: Empty hook `AfterLastShipout' on input line 42.
 (./0main.aux (./cover.aux))
Package atveryend Info: Executing hook `AtVeryEndDocument' on input line 42.
Package atveryend Info: Executing hook `AtEndAfterFileList' on input line 42.


Package rerunfilecheck Warning: File `0main.out' has changed.
(rerunfilecheck)                Rerun to get outlines right
(rerunfilecheck)                or use package `bookmark'.

Package rerunfilecheck Info: Checksums for `0main.out':
(rerunfilecheck)             Before: <no file>
(rerunfilecheck)             After:  9A9E9006663884FE7434F33126F04FDF;479.

LaTeX Font Warning: Some font shapes were not available, defaults substituted.


LaTeX Warning: There were undefined references.


LaTeX Warning: Label(s) may have changed. Rerun to get cross-references right.

Package atveryend Info: Empty hook `AtVeryVeryEnd' on input line 42.
 )
(\end occurred inside a group at level 1)

### simple group (level 1) entered at line 218 ({)
### bottom level 
Here is how much of TeX's memory you used:
 22029 strings out of 495028
 360600 string characters out of 6181496
 459152 words of memory out of 5000000
 24793 multiletter control sequences out of 15000+600000
 25053 words of font info for 60 fonts, out of 8000000 for 9000
 14 hyphenation exceptions out of 8191
 63i,11n,57p,456b,1936s stack positions out of 5000i,500n,10000p,200000b,80000s
 </home/eze/.texmf-var/fonts/pk/ljfour/jknappen/ec/ecbx1095.600
pk> </home/eze/.texmf-var/fonts/pk/ljfour/jknappen/ec/ecbx1440.600pk> </home/ez
e/.texmf-var/fonts/pk/ljfour/jknappen/ec/ecbx1200.600pk> </home/eze/.texmf-var/
fonts/pk/ljfour/jknappen/ec/tcrm1200.600pk> </home/eze/.texmf-var/fonts/pk/ljfo
ur/jknappen/ec/ecbx1728.600pk> </home/eze/.texmf-var/fonts/pk/ljfour/jknappen/e
c/ecrm1095.600pk> </home/eze/.texmf-var/fonts/pk/ljfour/jknappen/ec/ecrm1440.60
0pk> </home/eze/.texmf-var/fonts/pk/ljfour/jknappen/ec/ecti1440.600pk> </home/e
ze/.texmf-var/fonts/pk/ljfour/jknappen/ec/ecbx2488.600pk> </home/eze/.texmf-var
/fonts/pk/ljfour/jknappen/ec/tcrm2488.600pk> </home/eze/.texmf-var/fonts/pk/ljf
our/jknappen/ec/ecrm2488.600pk> </home/eze/.texmf-var/fonts/pk/ljfour/jknappen/
ec/tcrm1728.600pk> </home/eze/.texmf-var/fonts/pk/ljfour/jknappen/ec/eccc1728.6
00pk> </home/eze/.texmf-var/fonts/pk/ljfour/jknappen/ec/eccc2074.600pk> </home/
eze/.texmf-var/fonts/pk/ljfour/jknappen/ec/ecrm1200.600pk></usr/share/texlive/t
exmf-dist/fonts/type1/public/amsfonts/cm/cmex10.pfb></usr/share/texlive/texmf-d
ist/fonts/type1/public/amsfonts/cm/cmmi10.pfb></usr/share/texlive/texmf-dist/fo
nts/type1/public/amsfonts/cm/cmmi12.pfb></usr/share/texlive/texmf-dist/fonts/ty
pe1/public/amsfonts/cm/cmmi6.pfb></usr/share/texlive/texmf-dist/fonts/type1/pub
lic/amsfonts/cm/cmmi8.pfb></usr/share/texlive/texmf-dist/fonts/type1/public/ams
fonts/cm/cmr12.pfb></usr/share/texlive/texmf-dist/fonts/type1/public/amsfonts/c
m/cmr6.pfb></usr/share/texlive/texmf-dist/fonts/type1/public/amsfonts/cm/cmr8.p
fb></usr/share/texlive/texmf-dist/fonts/type1/public/amsfonts/cm/cmsy10.pfb></u
sr/share/texlive/texmf-dist/fonts/type1/public/amsfonts/cm/cmsy8.pfb>
Output written on 0main.pdf (11 pages, 515429 bytes).
PDF statistics:
 500 PDF objects out of 1000 (max. 8388607)
 162 compressed objects within 2 object streams
 33 named destinations out of 1000 (max. 500000)
 43 words of extra memory for PDF output out of 10000 (max. 10000000)

